mode: atomic
github.com/bennypowers/design-tokens-language-server/cmd/design-tokens-lsp/main.go:11.13,14.16 2 0
github.com/bennypowers/design-tokens-language-server/cmd/design-tokens-lsp/main.go:14.16,16.3 1 0
github.com/bennypowers/design-tokens-language-server/cmd/design-tokens-lsp/main.go:19.2,19.42 1 0
github.com/bennypowers/design-tokens-language-server/cmd/design-tokens-lsp/main.go:19.42,22.3 2 0
github.com/bennypowers/design-tokens-language-server/internal/documents/document.go:14.81,21.2 1 23
github.com/bennypowers/design-tokens-language-server/internal/documents/document.go:24.33,26.2 1 4
github.com/bennypowers/design-tokens-language-server/internal/documents/document.go:29.40,31.2 1 1
github.com/bennypowers/design-tokens-language-server/internal/documents/document.go:34.34,36.2 1 5
github.com/bennypowers/design-tokens-language-server/internal/documents/document.go:39.37,41.2 1 41
github.com/bennypowers/design-tokens-language-server/internal/documents/document.go:46.66,47.25 1 18
github.com/bennypowers/design-tokens-language-server/internal/documents/document.go:47.25,49.3 1 1
github.com/bennypowers/design-tokens-language-server/internal/documents/document.go:50.2,52.12 3 17
github.com/bennypowers/design-tokens-language-server/internal/documents/manager.go:19.28,23.2 1 22
github.com/bennypowers/design-tokens-language-server/internal/documents/manager.go:26.45,30.2 3 23
github.com/bennypowers/design-tokens-language-server/internal/documents/manager.go:33.40,38.34 4 2
github.com/bennypowers/design-tokens-language-server/internal/documents/manager.go:38.34,40.3 1 3
github.com/bennypowers/design-tokens-language-server/internal/documents/manager.go:41.2,41.13 1 2
github.com/bennypowers/design-tokens-language-server/internal/documents/manager.go:45.86,52.2 5 23
github.com/bennypowers/design-tokens-language-server/internal/documents/manager.go:55.46,59.44 3 2
github.com/bennypowers/design-tokens-language-server/internal/documents/manager.go:59.44,61.3 1 1
github.com/bennypowers/design-tokens-language-server/internal/documents/manager.go:63.2,64.12 2 1
github.com/bennypowers/design-tokens-language-server/internal/documents/manager.go:68.111,73.13 4 21
github.com/bennypowers/design-tokens-language-server/internal/documents/manager.go:73.13,75.3 1 1
github.com/bennypowers/design-tokens-language-server/internal/documents/manager.go:78.2,79.16 2 20
github.com/bennypowers/design-tokens-language-server/internal/documents/manager.go:79.16,81.3 1 2
github.com/bennypowers/design-tokens-language-server/internal/documents/manager.go:83.2,83.60 1 18
github.com/bennypowers/design-tokens-language-server/internal/documents/manager.go:83.60,85.3 1 1
github.com/bennypowers/design-tokens-language-server/internal/documents/manager.go:86.2,86.12 1 17
github.com/bennypowers/design-tokens-language-server/internal/documents/manager.go:90.115,93.33 2 20
github.com/bennypowers/design-tokens-language-server/internal/documents/manager.go:93.33,95.26 1 21
github.com/bennypowers/design-tokens-language-server/internal/documents/manager.go:95.26,97.12 2 2
github.com/bennypowers/design-tokens-language-server/internal/documents/manager.go:101.3,102.17 2 19
github.com/bennypowers/design-tokens-language-server/internal/documents/manager.go:102.17,104.4 1 2
github.com/bennypowers/design-tokens-language-server/internal/documents/manager.go:105.3,105.22 1 17
github.com/bennypowers/design-tokens-language-server/internal/documents/manager.go:108.2,108.20 1 18
github.com/bennypowers/design-tokens-language-server/internal/documents/manager.go:113.102,117.46 2 19
github.com/bennypowers/design-tokens-language-server/internal/documents/manager.go:117.46,119.3 1 1
github.com/bennypowers/design-tokens-language-server/internal/documents/manager.go:120.2,120.44 1 18
github.com/bennypowers/design-tokens-language-server/internal/documents/manager.go:120.44,122.3 1 1
github.com/bennypowers/design-tokens-language-server/internal/documents/manager.go:124.2,130.98 5 17
github.com/bennypowers/design-tokens-language-server/internal/documents/manager.go:130.98,131.22 1 2
github.com/bennypowers/design-tokens-language-server/internal/documents/manager.go:131.22,134.4 1 0
github.com/bennypowers/design-tokens-language-server/internal/documents/manager.go:135.3,138.32 4 2
github.com/bennypowers/design-tokens-language-server/internal/documents/manager.go:142.2,146.64 3 17
github.com/bennypowers/design-tokens-language-server/internal/documents/manager.go:146.64,149.3 1 0
github.com/bennypowers/design-tokens-language-server/internal/documents/manager.go:150.2,150.58 1 17
github.com/bennypowers/design-tokens-language-server/internal/documents/manager.go:150.58,153.3 1 0
github.com/bennypowers/design-tokens-language-server/internal/documents/manager.go:156.2,159.33 2 17
github.com/bennypowers/design-tokens-language-server/internal/documents/manager.go:159.33,162.3 2 3
github.com/bennypowers/design-tokens-language-server/internal/documents/manager.go:165.2,171.26 3 17
github.com/bennypowers/design-tokens-language-server/internal/documents/manager.go:171.26,173.3 1 17
github.com/bennypowers/design-tokens-language-server/internal/documents/manager.go:176.2,176.44 1 17
github.com/bennypowers/design-tokens-language-server/internal/documents/manager.go:176.44,179.3 2 5
github.com/bennypowers/design-tokens-language-server/internal/documents/manager.go:181.2,181.29 1 17
github.com/bennypowers/design-tokens-language-server/internal/lsp/code_actions.go:18.65,32.31 4 0
github.com/bennypowers/design-tokens-language-server/internal/lsp/code_actions.go:32.31,35.14 2 0
github.com/bennypowers/design-tokens-language-server/internal/lsp/code_actions.go:35.14,37.4 1 0
github.com/bennypowers/design-tokens-language-server/internal/lsp/code_actions.go:39.3,44.39 2 0
github.com/bennypowers/design-tokens-language-server/internal/lsp/code_actions.go:44.39,46.4 1 0
github.com/bennypowers/design-tokens-language-server/internal/lsp/code_actions.go:47.3,47.19 1 0
github.com/bennypowers/design-tokens-language-server/internal/lsp/code_actions.go:51.2,51.31 1 0
github.com/bennypowers/design-tokens-language-server/internal/lsp/code_actions.go:51.31,53.3 1 0
github.com/bennypowers/design-tokens-language-server/internal/lsp/code_actions.go:56.2,56.26 1 0
github.com/bennypowers/design-tokens-language-server/internal/lsp/code_actions.go:56.26,58.3 1 0
github.com/bennypowers/design-tokens-language-server/internal/lsp/code_actions.go:61.2,61.21 1 0
github.com/bennypowers/design-tokens-language-server/internal/lsp/code_actions.go:61.21,65.61 1 0
github.com/bennypowers/design-tokens-language-server/internal/lsp/code_actions.go:65.61,67.4 1 0
github.com/bennypowers/design-tokens-language-server/internal/lsp/code_actions.go:70.3,71.14 2 0
github.com/bennypowers/design-tokens-language-server/internal/lsp/code_actions.go:71.14,73.4 1 0
github.com/bennypowers/design-tokens-language-server/internal/lsp/code_actions.go:76.3,77.14 2 0
github.com/bennypowers/design-tokens-language-server/internal/lsp/code_actions.go:77.14,79.4 1 0
github.com/bennypowers/design-tokens-language-server/internal/lsp/code_actions.go:83.3,83.51 1 0
github.com/bennypowers/design-tokens-language-server/internal/lsp/code_actions.go:83.51,85.4 1 0
github.com/bennypowers/design-tokens-language-server/internal/lsp/code_actions.go:88.3,89.14 2 0
github.com/bennypowers/design-tokens-language-server/internal/lsp/code_actions.go:89.14,91.4 1 0
github.com/bennypowers/design-tokens-language-server/internal/lsp/code_actions.go:93.3,93.19 1 0
github.com/bennypowers/design-tokens-language-server/internal/lsp/code_actions.go:98.2,98.18 1 0
github.com/bennypowers/design-tokens-language-server/internal/lsp/code_actions.go:103.57,108.70 2 0
github.com/bennypowers/design-tokens-language-server/internal/lsp/code_actions.go:108.70,110.3 1 0
github.com/bennypowers/design-tokens-language-server/internal/lsp/code_actions.go:113.2,117.45 2 0
github.com/bennypowers/design-tokens-language-server/internal/lsp/code_actions.go:117.45,119.3 1 0
github.com/bennypowers/design-tokens-language-server/internal/lsp/code_actions.go:122.2,124.18 2 0
github.com/bennypowers/design-tokens-language-server/internal/lsp/code_actions.go:124.18,128.3 2 0
github.com/bennypowers/design-tokens-language-server/internal/lsp/code_actions.go:131.2,131.20 1 0
github.com/bennypowers/design-tokens-language-server/internal/lsp/code_actions.go:135.38,175.2 2 0
github.com/bennypowers/design-tokens-language-server/internal/lsp/code_actions.go:178.106,180.2 1 0
github.com/bennypowers/design-tokens-language-server/internal/lsp/code_actions.go:183.95,190.16 4 0
github.com/bennypowers/design-tokens-language-server/internal/lsp/code_actions.go:190.16,192.3 1 0
github.com/bennypowers/design-tokens-language-server/internal/lsp/code_actions.go:195.2,195.31 1 0
github.com/bennypowers/design-tokens-language-server/internal/lsp/code_actions.go:195.31,197.3 1 0
github.com/bennypowers/design-tokens-language-server/internal/lsp/code_actions.go:200.2,203.16 4 0
github.com/bennypowers/design-tokens-language-server/internal/lsp/code_actions.go:203.16,206.3 2 0
github.com/bennypowers/design-tokens-language-server/internal/lsp/code_actions.go:208.2,211.42 2 0
github.com/bennypowers/design-tokens-language-server/internal/lsp/code_actions.go:211.42,222.6 1 0
github.com/bennypowers/design-tokens-language-server/internal/lsp/code_actions.go:222.6,223.12 1 0
github.com/bennypowers/design-tokens-language-server/internal/lsp/code_actions.go:227.3,228.19 2 0
github.com/bennypowers/design-tokens-language-server/internal/lsp/code_actions.go:228.19,229.12 1 0
github.com/bennypowers/design-tokens-language-server/internal/lsp/code_actions.go:233.3,233.23 1 0
github.com/bennypowers/design-tokens-language-server/internal/lsp/code_actions.go:233.23,235.4 1 0
github.com/bennypowers/design-tokens-language-server/internal/lsp/code_actions.go:238.3,238.30 1 0
github.com/bennypowers/design-tokens-language-server/internal/lsp/code_actions.go:238.30,242.68 3 0
github.com/bennypowers/design-tokens-language-server/internal/lsp/code_actions.go:242.68,243.109 1 0
github.com/bennypowers/design-tokens-language-server/internal/lsp/code_actions.go:243.109,245.6 1 0
github.com/bennypowers/design-tokens-language-server/internal/lsp/code_actions.go:247.9,247.64 1 0
github.com/bennypowers/design-tokens-language-server/internal/lsp/code_actions.go:247.64,249.80 1 0
github.com/bennypowers/design-tokens-language-server/internal/lsp/code_actions.go:249.80,251.5 1 0
github.com/bennypowers/design-tokens-language-server/internal/lsp/code_actions.go:255.2,257.21 2 0
github.com/bennypowers/design-tokens-language-server/internal/lsp/code_actions.go:261.124,263.2 1 0
github.com/bennypowers/design-tokens-language-server/internal/lsp/code_actions.go:266.95,272.2 2 0
github.com/bennypowers/design-tokens-language-server/internal/lsp/code_actions.go:276.152,279.11 2 0
github.com/bennypowers/design-tokens-language-server/internal/lsp/code_actions.go:279.11,282.3 1 0
github.com/bennypowers/design-tokens-language-server/internal/lsp/code_actions.go:285.2,286.29 2 0
github.com/bennypowers/design-tokens-language-server/internal/lsp/code_actions.go:286.29,288.74 1 0
github.com/bennypowers/design-tokens-language-server/internal/lsp/code_actions.go:288.74,290.9 2 0
github.com/bennypowers/design-tokens-language-server/internal/lsp/code_actions.go:295.2,322.25 4 0
github.com/bennypowers/design-tokens-language-server/internal/lsp/code_actions.go:322.25,326.3 3 0
github.com/bennypowers/design-tokens-language-server/internal/lsp/code_actions.go:328.2,328.16 1 0
github.com/bennypowers/design-tokens-language-server/internal/lsp/code_actions.go:333.117,336.11 2 0
github.com/bennypowers/design-tokens-language-server/internal/lsp/code_actions.go:336.11,339.3 1 0
github.com/bennypowers/design-tokens-language-server/internal/lsp/code_actions.go:342.2,368.16 4 0
github.com/bennypowers/design-tokens-language-server/internal/lsp/code_actions.go:372.158,377.29 3 0
github.com/bennypowers/design-tokens-language-server/internal/lsp/code_actions.go:377.29,379.74 1 0
github.com/bennypowers/design-tokens-language-server/internal/lsp/code_actions.go:379.74,381.9 2 0
github.com/bennypowers/design-tokens-language-server/internal/lsp/code_actions.go:387.2,388.36 2 0
github.com/bennypowers/design-tokens-language-server/internal/lsp/code_actions.go:388.36,392.51 2 0
github.com/bennypowers/design-tokens-language-server/internal/lsp/code_actions.go:392.51,394.63 2 0
github.com/bennypowers/design-tokens-language-server/internal/lsp/code_actions.go:394.63,396.5 1 0
github.com/bennypowers/design-tokens-language-server/internal/lsp/code_actions.go:400.3,400.29 1 0
github.com/bennypowers/design-tokens-language-server/internal/lsp/code_actions.go:400.29,401.60 1 0
github.com/bennypowers/design-tokens-language-server/internal/lsp/code_actions.go:401.60,404.61 2 0
github.com/bennypowers/design-tokens-language-server/internal/lsp/code_actions.go:404.61,406.6 1 0
github.com/bennypowers/design-tokens-language-server/internal/lsp/code_actions.go:406.11,408.6 1 0
github.com/bennypowers/design-tokens-language-server/internal/lsp/code_actions.go:414.2,414.28 1 0
github.com/bennypowers/design-tokens-language-server/internal/lsp/code_actions.go:414.28,419.30 3 0
github.com/bennypowers/design-tokens-language-server/internal/lsp/code_actions.go:419.30,422.31 2 0
github.com/bennypowers/design-tokens-language-server/internal/lsp/code_actions.go:422.31,424.5 1 0
github.com/bennypowers/design-tokens-language-server/internal/lsp/code_actions.go:426.4,451.27 3 0
github.com/bennypowers/design-tokens-language-server/internal/lsp/code_actions.go:451.27,455.5 3 0
github.com/bennypowers/design-tokens-language-server/internal/lsp/code_actions.go:457.4,457.37 1 0
github.com/bennypowers/design-tokens-language-server/internal/lsp/code_actions.go:463.2,464.10 2 0
github.com/bennypowers/design-tokens-language-server/internal/lsp/code_actions.go:464.10,490.26 3 0
github.com/bennypowers/design-tokens-language-server/internal/lsp/code_actions.go:490.26,492.4 1 0
github.com/bennypowers/design-tokens-language-server/internal/lsp/code_actions.go:494.3,494.42 1 0
github.com/bennypowers/design-tokens-language-server/internal/lsp/code_actions.go:497.2,497.16 1 0
github.com/bennypowers/design-tokens-language-server/internal/lsp/code_actions.go:502.48,504.31 1 0
github.com/bennypowers/design-tokens-language-server/internal/lsp/code_actions.go:504.31,506.3 1 0
github.com/bennypowers/design-tokens-language-server/internal/lsp/code_actions.go:507.2,507.72 1 0
github.com/bennypowers/design-tokens-language-server/internal/lsp/code_actions.go:507.72,509.3 1 0
github.com/bennypowers/design-tokens-language-server/internal/lsp/code_actions.go:512.2,512.31 1 0
github.com/bennypowers/design-tokens-language-server/internal/lsp/code_actions.go:512.31,514.3 1 0
github.com/bennypowers/design-tokens-language-server/internal/lsp/code_actions.go:515.2,515.72 1 0
github.com/bennypowers/design-tokens-language-server/internal/lsp/code_actions.go:515.72,517.3 1 0
github.com/bennypowers/design-tokens-language-server/internal/lsp/code_actions.go:519.2,519.13 1 0
github.com/bennypowers/design-tokens-language-server/internal/lsp/color.go:15.136,17.2 1 0
github.com/bennypowers/design-tokens-language-server/internal/lsp/color.go:20.107,27.16 4 0
github.com/bennypowers/design-tokens-language-server/internal/lsp/color.go:27.16,29.3 1 0
github.com/bennypowers/design-tokens-language-server/internal/lsp/color.go:32.2,32.31 1 0
github.com/bennypowers/design-tokens-language-server/internal/lsp/color.go:32.31,34.3 1 0
github.com/bennypowers/design-tokens-language-server/internal/lsp/color.go:37.2,40.16 4 0
github.com/bennypowers/design-tokens-language-server/internal/lsp/color.go:40.16,43.3 2 0
github.com/bennypowers/design-tokens-language-server/internal/lsp/color.go:45.2,48.42 2 0
github.com/bennypowers/design-tokens-language-server/internal/lsp/color.go:48.42,51.19 2 0
github.com/bennypowers/design-tokens-language-server/internal/lsp/color.go:51.19,52.12 1 0
github.com/bennypowers/design-tokens-language-server/internal/lsp/color.go:56.3,56.28 1 0
github.com/bennypowers/design-tokens-language-server/internal/lsp/color.go:56.28,57.12 1 0
github.com/bennypowers/design-tokens-language-server/internal/lsp/color.go:61.3,62.17 2 0
github.com/bennypowers/design-tokens-language-server/internal/lsp/color.go:62.17,64.12 2 0
github.com/bennypowers/design-tokens-language-server/internal/lsp/color.go:67.3,79.5 1 0
github.com/bennypowers/design-tokens-language-server/internal/lsp/color.go:83.2,83.44 1 0
github.com/bennypowers/design-tokens-language-server/internal/lsp/color.go:83.44,86.19 2 0
github.com/bennypowers/design-tokens-language-server/internal/lsp/color.go:86.19,87.12 1 0
github.com/bennypowers/design-tokens-language-server/internal/lsp/color.go:91.3,91.28 1 0
github.com/bennypowers/design-tokens-language-server/internal/lsp/color.go:91.28,92.12 1 0
github.com/bennypowers/design-tokens-language-server/internal/lsp/color.go:96.3,97.17 2 0
github.com/bennypowers/design-tokens-language-server/internal/lsp/color.go:97.17,98.12 1 0
github.com/bennypowers/design-tokens-language-server/internal/lsp/color.go:101.3,113.5 1 0
github.com/bennypowers/design-tokens-language-server/internal/lsp/color.go:116.2,118.20 2 0
github.com/bennypowers/design-tokens-language-server/internal/lsp/color.go:122.145,124.2 1 0
github.com/bennypowers/design-tokens-language-server/internal/lsp/color.go:127.116,150.2 5 0
github.com/bennypowers/design-tokens-language-server/internal/lsp/color.go:153.56,157.35 2 0
github.com/bennypowers/design-tokens-language-server/internal/lsp/color.go:157.35,161.20 2 0
github.com/bennypowers/design-tokens-language-server/internal/lsp/color.go:161.20,163.4 1 0
github.com/bennypowers/design-tokens-language-server/internal/lsp/color.go:166.3,166.37 1 0
github.com/bennypowers/design-tokens-language-server/internal/lsp/color.go:166.37,168.18 2 0
github.com/bennypowers/design-tokens-language-server/internal/lsp/color.go:168.18,170.5 1 0
github.com/bennypowers/design-tokens-language-server/internal/lsp/color.go:171.4,172.18 2 0
github.com/bennypowers/design-tokens-language-server/internal/lsp/color.go:172.18,174.5 1 0
github.com/bennypowers/design-tokens-language-server/internal/lsp/color.go:175.4,176.18 2 0
github.com/bennypowers/design-tokens-language-server/internal/lsp/color.go:176.18,178.5 1 0
github.com/bennypowers/design-tokens-language-server/internal/lsp/color.go:180.4,181.21 2 0
github.com/bennypowers/design-tokens-language-server/internal/lsp/color.go:181.21,183.19 2 0
github.com/bennypowers/design-tokens-language-server/internal/lsp/color.go:183.19,185.6 1 0
github.com/bennypowers/design-tokens-language-server/internal/lsp/color.go:186.5,186.31 1 0
github.com/bennypowers/design-tokens-language-server/internal/lsp/color.go:189.4,194.10 1 0
github.com/bennypowers/design-tokens-language-server/internal/lsp/color.go:200.2,200.63 1 0
github.com/bennypowers/design-tokens-language-server/internal/lsp/color.go:204.50,209.23 4 0
github.com/bennypowers/design-tokens-language-server/internal/lsp/color.go:209.23,212.3 2 0
github.com/bennypowers/design-tokens-language-server/internal/lsp/color.go:214.2,214.46 1 0
github.com/bennypowers/design-tokens-language-server/internal/lsp/color.go:218.50,223.2 4 0
github.com/bennypowers/design-tokens-language-server/internal/lsp/color.go:226.51,231.2 4 0
github.com/bennypowers/design-tokens-language-server/internal/lsp/color.go:234.50,237.2 2 0
github.com/bennypowers/design-tokens-language-server/internal/lsp/color.go:240.50,242.13 2 0
github.com/bennypowers/design-tokens-language-server/internal/lsp/color.go:242.13,244.3 1 0
github.com/bennypowers/design-tokens-language-server/internal/lsp/color.go:245.2,245.13 1 0
github.com/bennypowers/design-tokens-language-server/internal/lsp/color.go:245.13,247.3 1 0
github.com/bennypowers/design-tokens-language-server/internal/lsp/color.go:249.2,250.13 2 0
github.com/bennypowers/design-tokens-language-server/internal/lsp/color.go:250.13,252.3 1 0
github.com/bennypowers/design-tokens-language-server/internal/lsp/color.go:253.2,253.13 1 0
github.com/bennypowers/design-tokens-language-server/internal/lsp/color.go:253.13,255.3 1 0
github.com/bennypowers/design-tokens-language-server/internal/lsp/color.go:257.2,259.16 2 0
github.com/bennypowers/design-tokens-language-server/internal/lsp/color.go:259.16,262.3 2 0
github.com/bennypowers/design-tokens-language-server/internal/lsp/color.go:262.8,264.14 2 0
github.com/bennypowers/design-tokens-language-server/internal/lsp/color.go:264.14,266.4 1 0
github.com/bennypowers/design-tokens-language-server/internal/lsp/color.go:266.9,268.4 1 0
github.com/bennypowers/design-tokens-language-server/internal/lsp/color.go:270.3,270.14 1 0
github.com/bennypowers/design-tokens-language-server/internal/lsp/color.go:271.10,273.13 2 0
github.com/bennypowers/design-tokens-language-server/internal/lsp/color.go:273.13,275.5 1 0
github.com/bennypowers/design-tokens-language-server/internal/lsp/color.go:276.10,277.19 1 0
github.com/bennypowers/design-tokens-language-server/internal/lsp/color.go:278.10,279.19 1 0
github.com/bennypowers/design-tokens-language-server/internal/lsp/color.go:282.3,282.10 1 0
github.com/bennypowers/design-tokens-language-server/internal/lsp/color.go:285.2,285.16 1 0
github.com/bennypowers/design-tokens-language-server/internal/lsp/completion.go:15.106,17.2 1 0
github.com/bennypowers/design-tokens-language-server/internal/lsp/completion.go:20.102,28.16 5 0
github.com/bennypowers/design-tokens-language-server/internal/lsp/completion.go:28.16,30.3 1 0
github.com/bennypowers/design-tokens-language-server/internal/lsp/completion.go:33.2,33.31 1 0
github.com/bennypowers/design-tokens-language-server/internal/lsp/completion.go:33.31,35.3 1 0
github.com/bennypowers/design-tokens-language-server/internal/lsp/completion.go:38.2,41.16 4 0
github.com/bennypowers/design-tokens-language-server/internal/lsp/completion.go:41.16,43.3 1 0
github.com/bennypowers/design-tokens-language-server/internal/lsp/completion.go:46.2,47.16 2 0
github.com/bennypowers/design-tokens-language-server/internal/lsp/completion.go:47.16,49.3 1 0
github.com/bennypowers/design-tokens-language-server/internal/lsp/completion.go:51.2,54.48 2 0
github.com/bennypowers/design-tokens-language-server/internal/lsp/completion.go:54.48,56.3 1 0
github.com/bennypowers/design-tokens-language-server/internal/lsp/completion.go:59.2,62.42 3 0
github.com/bennypowers/design-tokens-language-server/internal/lsp/completion.go:62.42,67.57 3 0
github.com/bennypowers/design-tokens-language-server/internal/lsp/completion.go:67.57,82.4 5 0
github.com/bennypowers/design-tokens-language-server/internal/lsp/completion.go:85.2,90.8 2 0
github.com/bennypowers/design-tokens-language-server/internal/lsp/completion.go:94.132,96.2 1 0
github.com/bennypowers/design-tokens-language-server/internal/lsp/completion.go:99.101,102.22 2 0
github.com/bennypowers/design-tokens-language-server/internal/lsp/completion.go:102.22,103.57 1 0
github.com/bennypowers/design-tokens-language-server/internal/lsp/completion.go:103.57,104.50 1 0
github.com/bennypowers/design-tokens-language-server/internal/lsp/completion.go:104.50,106.5 1 0
github.com/bennypowers/design-tokens-language-server/internal/lsp/completion.go:110.2,110.21 1 0
github.com/bennypowers/design-tokens-language-server/internal/lsp/completion.go:110.21,112.3 1 0
github.com/bennypowers/design-tokens-language-server/internal/lsp/completion.go:115.2,116.18 2 0
github.com/bennypowers/design-tokens-language-server/internal/lsp/completion.go:116.18,118.3 1 0
github.com/bennypowers/design-tokens-language-server/internal/lsp/completion.go:121.2,124.29 3 0
github.com/bennypowers/design-tokens-language-server/internal/lsp/completion.go:124.29,126.3 1 0
github.com/bennypowers/design-tokens-language-server/internal/lsp/completion.go:128.2,130.22 2 0
github.com/bennypowers/design-tokens-language-server/internal/lsp/completion.go:130.22,132.3 1 0
github.com/bennypowers/design-tokens-language-server/internal/lsp/completion.go:134.2,134.22 1 0
github.com/bennypowers/design-tokens-language-server/internal/lsp/completion.go:134.22,136.37 2 0
github.com/bennypowers/design-tokens-language-server/internal/lsp/completion.go:136.37,138.4 1 0
github.com/bennypowers/design-tokens-language-server/internal/lsp/completion.go:139.3,139.24 1 0
github.com/bennypowers/design-tokens-language-server/internal/lsp/completion.go:142.2,142.26 1 0
github.com/bennypowers/design-tokens-language-server/internal/lsp/completion.go:142.26,144.3 1 0
github.com/bennypowers/design-tokens-language-server/internal/lsp/completion.go:147.2,156.18 4 0
github.com/bennypowers/design-tokens-language-server/internal/lsp/completion.go:161.82,163.33 2 0
github.com/bennypowers/design-tokens-language-server/internal/lsp/completion.go:163.33,165.3 1 0
github.com/bennypowers/design-tokens-language-server/internal/lsp/completion.go:167.2,174.28 4 0
github.com/bennypowers/design-tokens-language-server/internal/lsp/completion.go:174.28,176.3 1 0
github.com/bennypowers/design-tokens-language-server/internal/lsp/completion.go:179.2,180.45 2 0
github.com/bennypowers/design-tokens-language-server/internal/lsp/completion.go:180.45,182.3 1 0
github.com/bennypowers/design-tokens-language-server/internal/lsp/completion.go:185.2,186.47 2 0
github.com/bennypowers/design-tokens-language-server/internal/lsp/completion.go:186.47,188.3 1 0
github.com/bennypowers/design-tokens-language-server/internal/lsp/completion.go:190.2,190.24 1 0
github.com/bennypowers/design-tokens-language-server/internal/lsp/completion.go:194.30,199.2 1 0
github.com/bennypowers/design-tokens-language-server/internal/lsp/completion.go:202.93,206.2 1 0
github.com/bennypowers/design-tokens-language-server/internal/lsp/completion.go:209.45,216.2 4 0
github.com/bennypowers/design-tokens-language-server/internal/lsp/configuration.go:46.35,56.2 1 0
github.com/bennypowers/design-tokens-language-server/internal/lsp/configuration.go:59.123,64.16 3 0
github.com/bennypowers/design-tokens-language-server/internal/lsp/configuration.go:64.16,67.3 2 0
github.com/bennypowers/design-tokens-language-server/internal/lsp/configuration.go:70.2,75.49 3 0
github.com/bennypowers/design-tokens-language-server/internal/lsp/configuration.go:75.49,77.3 1 0
github.com/bennypowers/design-tokens-language-server/internal/lsp/configuration.go:80.2,80.22 1 0
github.com/bennypowers/design-tokens-language-server/internal/lsp/configuration.go:80.22,81.44 1 0
github.com/bennypowers/design-tokens-language-server/internal/lsp/configuration.go:81.44,82.69 1 0
github.com/bennypowers/design-tokens-language-server/internal/lsp/configuration.go:82.69,84.5 1 0
github.com/bennypowers/design-tokens-language-server/internal/lsp/configuration.go:88.2,88.12 1 0
github.com/bennypowers/design-tokens-language-server/internal/lsp/configuration.go:92.73,96.21 2 0
github.com/bennypowers/design-tokens-language-server/internal/lsp/configuration.go:96.21,98.3 1 0
github.com/bennypowers/design-tokens-language-server/internal/lsp/configuration.go:101.2,102.9 2 0
github.com/bennypowers/design-tokens-language-server/internal/lsp/configuration.go:102.9,104.3 1 0
github.com/bennypowers/design-tokens-language-server/internal/lsp/configuration.go:107.2,108.70 2 0
github.com/bennypowers/design-tokens-language-server/internal/lsp/configuration.go:108.70,110.3 1 0
github.com/bennypowers/design-tokens-language-server/internal/lsp/configuration.go:110.8,110.80 1 0
github.com/bennypowers/design-tokens-language-server/internal/lsp/configuration.go:110.80,112.3 1 0
github.com/bennypowers/design-tokens-language-server/internal/lsp/configuration.go:112.8,115.3 1 0
github.com/bennypowers/design-tokens-language-server/internal/lsp/configuration.go:118.2,119.16 2 0
github.com/bennypowers/design-tokens-language-server/internal/lsp/configuration.go:119.16,121.3 1 0
github.com/bennypowers/design-tokens-language-server/internal/lsp/configuration.go:123.2,123.59 1 0
github.com/bennypowers/design-tokens-language-server/internal/lsp/configuration.go:123.59,125.3 1 0
github.com/bennypowers/design-tokens-language-server/internal/lsp/configuration.go:127.2,127.20 1 0
github.com/bennypowers/design-tokens-language-server/internal/lsp/configuration.go:131.43,132.33 1 0
github.com/bennypowers/design-tokens-language-server/internal/lsp/configuration.go:132.33,134.3 1 0
github.com/bennypowers/design-tokens-language-server/internal/lsp/configuration.go:135.2,135.17 1 0
github.com/bennypowers/design-tokens-language-server/internal/lsp/configuration.go:139.47,144.35 2 0
github.com/bennypowers/design-tokens-language-server/internal/lsp/configuration.go:144.35,146.3 1 0
github.com/bennypowers/design-tokens-language-server/internal/lsp/configuration.go:149.2,149.22 1 0
github.com/bennypowers/design-tokens-language-server/internal/lsp/configuration.go:149.22,151.3 1 0
github.com/bennypowers/design-tokens-language-server/internal/lsp/configuration.go:153.2,153.12 1 0
github.com/bennypowers/design-tokens-language-server/internal/lsp/configuration.go:157.49,160.44 2 0
github.com/bennypowers/design-tokens-language-server/internal/lsp/configuration.go:160.44,165.27 3 0
github.com/bennypowers/design-tokens-language-server/internal/lsp/configuration.go:166.15,169.40 3 0
github.com/bennypowers/design-tokens-language-server/internal/lsp/configuration.go:170.23,173.11 2 0
github.com/bennypowers/design-tokens-language-server/internal/lsp/configuration.go:173.11,174.13 1 0
github.com/bennypowers/design-tokens-language-server/internal/lsp/configuration.go:176.4,177.40 2 0
github.com/bennypowers/design-tokens-language-server/internal/lsp/configuration.go:177.40,179.5 1 0
github.com/bennypowers/design-tokens-language-server/internal/lsp/configuration.go:179.10,181.5 1 0
github.com/bennypowers/design-tokens-language-server/internal/lsp/configuration.go:182.4,182.42 1 0
github.com/bennypowers/design-tokens-language-server/internal/lsp/configuration.go:182.42,183.41 1 0
github.com/bennypowers/design-tokens-language-server/internal/lsp/configuration.go:183.41,184.33 1 0
github.com/bennypowers/design-tokens-language-server/internal/lsp/configuration.go:184.33,185.39 1 0
github.com/bennypowers/design-tokens-language-server/internal/lsp/configuration.go:185.39,187.8 1 0
github.com/bennypowers/design-tokens-language-server/internal/lsp/configuration.go:191.4,191.30 1 0
github.com/bennypowers/design-tokens-language-server/internal/lsp/configuration.go:191.30,193.5 1 0
github.com/bennypowers/design-tokens-language-server/internal/lsp/configuration.go:194.11,195.12 1 0
github.com/bennypowers/design-tokens-language-server/internal/lsp/configuration.go:199.3,199.48 1 0
github.com/bennypowers/design-tokens-language-server/internal/lsp/configuration.go:199.48,201.4 1 0
github.com/bennypowers/design-tokens-language-server/internal/lsp/configuration.go:206.3,206.55 1 0
github.com/bennypowers/design-tokens-language-server/internal/lsp/configuration.go:206.55,208.12 2 0
github.com/bennypowers/design-tokens-language-server/internal/lsp/configuration.go:211.3,211.74 1 0
github.com/bennypowers/design-tokens-language-server/internal/lsp/configuration.go:214.2,214.19 1 0
github.com/bennypowers/design-tokens-language-server/internal/lsp/configuration.go:214.19,216.3 1 0
github.com/bennypowers/design-tokens-language-server/internal/lsp/configuration.go:217.2,217.12 1 0
github.com/bennypowers/design-tokens-language-server/internal/lsp/configuration.go:221.53,233.2 2 0
github.com/bennypowers/design-tokens-language-server/internal/lsp/custom_handler.go:24.110,27.49 1 0
github.com/bennypowers/design-tokens-language-server/internal/lsp/custom_handler.go:27.49,30.65 2 0
github.com/bennypowers/design-tokens-language-server/internal/lsp/custom_handler.go:30.65,32.4 1 0
github.com/bennypowers/design-tokens-language-server/internal/lsp/custom_handler.go:35.3,36.17 2 0
github.com/bennypowers/design-tokens-language-server/internal/lsp/custom_handler.go:36.17,38.4 1 0
github.com/bennypowers/design-tokens-language-server/internal/lsp/custom_handler.go:40.3,40.33 1 0
github.com/bennypowers/design-tokens-language-server/internal/lsp/custom_handler.go:44.2,44.34 1 0
github.com/bennypowers/design-tokens-language-server/internal/lsp/definition.go:13.106,15.2 1 0
github.com/bennypowers/design-tokens-language-server/internal/lsp/definition.go:18.96,26.16 5 0
github.com/bennypowers/design-tokens-language-server/internal/lsp/definition.go:26.16,28.3 1 0
github.com/bennypowers/design-tokens-language-server/internal/lsp/definition.go:31.2,31.31 1 0
github.com/bennypowers/design-tokens-language-server/internal/lsp/definition.go:31.31,33.3 1 0
github.com/bennypowers/design-tokens-language-server/internal/lsp/definition.go:36.2,39.16 4 0
github.com/bennypowers/design-tokens-language-server/internal/lsp/definition.go:39.16,41.3 1 0
github.com/bennypowers/design-tokens-language-server/internal/lsp/definition.go:44.2,44.42 1 0
github.com/bennypowers/design-tokens-language-server/internal/lsp/definition.go:44.42,45.47 1 0
github.com/bennypowers/design-tokens-language-server/internal/lsp/definition.go:45.47,48.20 2 0
github.com/bennypowers/design-tokens-language-server/internal/lsp/definition.go:48.20,51.5 1 0
github.com/bennypowers/design-tokens-language-server/internal/lsp/definition.go:54.4,54.56 1 0
github.com/bennypowers/design-tokens-language-server/internal/lsp/definition.go:54.56,68.5 3 0
github.com/bennypowers/design-tokens-language-server/internal/lsp/definition.go:70.4,70.19 1 0
github.com/bennypowers/design-tokens-language-server/internal/lsp/definition.go:74.2,74.17 1 0
github.com/bennypowers/design-tokens-language-server/internal/lsp/definition.go:78.88,80.78 1 0
github.com/bennypowers/design-tokens-language-server/internal/lsp/definition.go:80.78,82.3 1 0
github.com/bennypowers/design-tokens-language-server/internal/lsp/definition.go:84.2,84.91 1 0
github.com/bennypowers/design-tokens-language-server/internal/lsp/definition.go:84.91,86.3 1 0
github.com/bennypowers/design-tokens-language-server/internal/lsp/definition.go:88.2,88.88 1 0
github.com/bennypowers/design-tokens-language-server/internal/lsp/definition.go:88.88,90.3 1 0
github.com/bennypowers/design-tokens-language-server/internal/lsp/definition.go:92.2,92.13 1 0
github.com/bennypowers/design-tokens-language-server/internal/lsp/diagnostics.go:17.113,22.16 4 0
github.com/bennypowers/design-tokens-language-server/internal/lsp/diagnostics.go:22.16,25.3 2 0
github.com/bennypowers/design-tokens-language-server/internal/lsp/diagnostics.go:28.2,31.8 1 0
github.com/bennypowers/design-tokens-language-server/internal/lsp/diagnostics.go:35.76,38.16 2 0
github.com/bennypowers/design-tokens-language-server/internal/lsp/diagnostics.go:38.16,40.3 1 0
github.com/bennypowers/design-tokens-language-server/internal/lsp/diagnostics.go:43.2,43.31 1 0
github.com/bennypowers/design-tokens-language-server/internal/lsp/diagnostics.go:43.31,45.3 1 0
github.com/bennypowers/design-tokens-language-server/internal/lsp/diagnostics.go:48.2,51.16 4 0
github.com/bennypowers/design-tokens-language-server/internal/lsp/diagnostics.go:51.16,53.3 1 0
github.com/bennypowers/design-tokens-language-server/internal/lsp/diagnostics.go:55.2,58.42 2 0
github.com/bennypowers/design-tokens-language-server/internal/lsp/diagnostics.go:58.42,61.19 2 0
github.com/bennypowers/design-tokens-language-server/internal/lsp/diagnostics.go:61.19,63.12 1 0
github.com/bennypowers/design-tokens-language-server/internal/lsp/diagnostics.go:67.3,67.23 1 0
github.com/bennypowers/design-tokens-language-server/internal/lsp/diagnostics.go:67.23,69.38 2 0
github.com/bennypowers/design-tokens-language-server/internal/lsp/diagnostics.go:69.38,71.5 1 0
github.com/bennypowers/design-tokens-language-server/internal/lsp/diagnostics.go:73.4,88.6 2 0
github.com/bennypowers/design-tokens-language-server/internal/lsp/diagnostics.go:92.3,92.30 1 0
github.com/bennypowers/design-tokens-language-server/internal/lsp/diagnostics.go:92.30,97.68 3 0
github.com/bennypowers/design-tokens-language-server/internal/lsp/diagnostics.go:97.68,113.5 2 0
github.com/bennypowers/design-tokens-language-server/internal/lsp/diagnostics.go:117.2,117.25 1 0
github.com/bennypowers/design-tokens-language-server/internal/lsp/diagnostics.go:121.78,125.16 3 0
github.com/bennypowers/design-tokens-language-server/internal/lsp/diagnostics.go:125.16,127.3 1 0
github.com/bennypowers/design-tokens-language-server/internal/lsp/diagnostics.go:130.2,135.12 2 0
github.com/bennypowers/design-tokens-language-server/internal/lsp/diagnostics.go:140.57,142.37 1 0
github.com/bennypowers/design-tokens-language-server/internal/lsp/diagnostics.go:142.37,148.3 5 0
github.com/bennypowers/design-tokens-language-server/internal/lsp/diagnostics.go:150.2,150.37 1 0
github.com/bennypowers/design-tokens-language-server/internal/lsp/file_watcher.go:15.98,17.2 1 0
github.com/bennypowers/design-tokens-language-server/internal/lsp/file_watcher.go:20.121,26.40 3 0
github.com/bennypowers/design-tokens-language-server/internal/lsp/file_watcher.go:26.40,32.26 4 0
github.com/bennypowers/design-tokens-language-server/internal/lsp/file_watcher.go:32.26,36.53 2 0
github.com/bennypowers/design-tokens-language-server/internal/lsp/file_watcher.go:36.53,38.5 1 0
github.com/bennypowers/design-tokens-language-server/internal/lsp/file_watcher.go:43.2,43.17 1 0
github.com/bennypowers/design-tokens-language-server/internal/lsp/file_watcher.go:43.17,45.46 2 0
github.com/bennypowers/design-tokens-language-server/internal/lsp/file_watcher.go:45.46,47.4 1 0
github.com/bennypowers/design-tokens-language-server/internal/lsp/file_watcher.go:50.3,50.23 1 0
github.com/bennypowers/design-tokens-language-server/internal/lsp/file_watcher.go:50.23,51.45 1 0
github.com/bennypowers/design-tokens-language-server/internal/lsp/file_watcher.go:51.45,52.70 1 0
github.com/bennypowers/design-tokens-language-server/internal/lsp/file_watcher.go:52.70,54.6 1 0
github.com/bennypowers/design-tokens-language-server/internal/lsp/file_watcher.go:59.2,59.12 1 0
github.com/bennypowers/design-tokens-language-server/internal/lsp/file_watcher.go:63.43,69.46 3 0
github.com/bennypowers/design-tokens-language-server/internal/lsp/file_watcher.go:69.46,70.67 1 0
github.com/bennypowers/design-tokens-language-server/internal/lsp/file_watcher.go:70.67,72.4 1 0
github.com/bennypowers/design-tokens-language-server/internal/lsp/file_watcher.go:75.2,75.19 1 0
github.com/bennypowers/design-tokens-language-server/internal/lsp/file_watcher.go:75.19,77.3 1 0
github.com/bennypowers/design-tokens-language-server/internal/lsp/file_watcher.go:78.2,78.12 1 0
github.com/bennypowers/design-tokens-language-server/internal/lsp/file_watcher.go:82.48,85.55 2 0
github.com/bennypowers/design-tokens-language-server/internal/lsp/file_watcher.go:85.55,87.3 1 0
github.com/bennypowers/design-tokens-language-server/internal/lsp/file_watcher.go:90.2,90.46 1 0
github.com/bennypowers/design-tokens-language-server/internal/lsp/file_watcher.go:90.46,92.3 1 0
github.com/bennypowers/design-tokens-language-server/internal/lsp/file_watcher.go:95.2,95.44 1 0
github.com/bennypowers/design-tokens-language-server/internal/lsp/file_watcher.go:95.44,97.27 2 0
github.com/bennypowers/design-tokens-language-server/internal/lsp/file_watcher.go:98.15,99.17 1 0
github.com/bennypowers/design-tokens-language-server/internal/lsp/file_watcher.go:100.23,101.36 1 0
github.com/bennypowers/design-tokens-language-server/internal/lsp/file_watcher.go:101.36,103.5 1 0
github.com/bennypowers/design-tokens-language-server/internal/lsp/file_watcher.go:106.3,106.22 1 0
github.com/bennypowers/design-tokens-language-server/internal/lsp/file_watcher.go:106.22,107.12 1 0
github.com/bennypowers/design-tokens-language-server/internal/lsp/file_watcher.go:111.3,111.53 1 0
github.com/bennypowers/design-tokens-language-server/internal/lsp/file_watcher.go:111.53,113.4 1 0
github.com/bennypowers/design-tokens-language-server/internal/lsp/file_watcher.go:116.3,116.24 1 0
github.com/bennypowers/design-tokens-language-server/internal/lsp/file_watcher.go:116.24,118.4 1 0
github.com/bennypowers/design-tokens-language-server/internal/lsp/file_watcher.go:122.2,122.36 1 0
github.com/bennypowers/design-tokens-language-server/internal/lsp/file_watcher.go:122.36,132.36 2 0
github.com/bennypowers/design-tokens-language-server/internal/lsp/file_watcher.go:132.36,134.4 1 0
github.com/bennypowers/design-tokens-language-server/internal/lsp/file_watcher.go:137.2,137.14 1 0
github.com/bennypowers/design-tokens-language-server/internal/lsp/file_watcher.go:141.68,143.20 1 0
github.com/bennypowers/design-tokens-language-server/internal/lsp/file_watcher.go:143.20,146.3 2 0
github.com/bennypowers/design-tokens-language-server/internal/lsp/file_watcher.go:149.2,151.35 2 0
github.com/bennypowers/design-tokens-language-server/internal/lsp/file_watcher.go:151.35,153.45 1 0
github.com/bennypowers/design-tokens-language-server/internal/lsp/file_watcher.go:153.45,155.28 2 0
github.com/bennypowers/design-tokens-language-server/internal/lsp/file_watcher.go:156.16,157.18 1 0
github.com/bennypowers/design-tokens-language-server/internal/lsp/file_watcher.go:158.24,159.37 1 0
github.com/bennypowers/design-tokens-language-server/internal/lsp/file_watcher.go:159.37,161.6 1 0
github.com/bennypowers/design-tokens-language-server/internal/lsp/file_watcher.go:164.4,164.23 1 0
github.com/bennypowers/design-tokens-language-server/internal/lsp/file_watcher.go:164.23,165.13 1 0
github.com/bennypowers/design-tokens-language-server/internal/lsp/file_watcher.go:170.4,171.33 2 0
github.com/bennypowers/design-tokens-language-server/internal/lsp/file_watcher.go:171.33,174.5 1 0
github.com/bennypowers/design-tokens-language-server/internal/lsp/file_watcher.go:174.10,174.31 1 0
github.com/bennypowers/design-tokens-language-server/internal/lsp/file_watcher.go:174.31,178.5 2 0
github.com/bennypowers/design-tokens-language-server/internal/lsp/file_watcher.go:178.10,181.5 1 0
github.com/bennypowers/design-tokens-language-server/internal/lsp/file_watcher.go:183.4,185.6 1 0
github.com/bennypowers/design-tokens-language-server/internal/lsp/file_watcher.go:187.8,187.29 1 0
github.com/bennypowers/design-tokens-language-server/internal/lsp/file_watcher.go:187.29,211.3 2 0
github.com/bennypowers/design-tokens-language-server/internal/lsp/file_watcher.go:213.2,213.24 1 0
github.com/bennypowers/design-tokens-language-server/internal/lsp/file_watcher.go:213.24,216.3 2 0
github.com/bennypowers/design-tokens-language-server/internal/lsp/file_watcher.go:219.2,246.12 2 0
github.com/bennypowers/design-tokens-language-server/internal/lsp/file_watcher.go:246.12,250.3 3 0
github.com/bennypowers/design-tokens-language-server/internal/lsp/file_watcher.go:252.2,253.12 2 0
github.com/bennypowers/design-tokens-language-server/internal/lsp/hover.go:14.108,16.2 1 0
github.com/bennypowers/design-tokens-language-server/internal/lsp/hover.go:19.79,27.16 5 0
github.com/bennypowers/design-tokens-language-server/internal/lsp/hover.go:27.16,29.3 1 0
github.com/bennypowers/design-tokens-language-server/internal/lsp/hover.go:32.2,32.31 1 0
github.com/bennypowers/design-tokens-language-server/internal/lsp/hover.go:32.31,34.3 1 0
github.com/bennypowers/design-tokens-language-server/internal/lsp/hover.go:37.2,40.16 4 0
github.com/bennypowers/design-tokens-language-server/internal/lsp/hover.go:40.16,43.3 2 0
github.com/bennypowers/design-tokens-language-server/internal/lsp/hover.go:46.2,46.42 1 0
github.com/bennypowers/design-tokens-language-server/internal/lsp/hover.go:46.42,47.51 1 0
github.com/bennypowers/design-tokens-language-server/internal/lsp/hover.go:47.51,50.20 2 0
github.com/bennypowers/design-tokens-language-server/internal/lsp/hover.go:50.20,58.5 1 0
github.com/bennypowers/design-tokens-language-server/internal/lsp/hover.go:61.4,64.31 3 0
github.com/bennypowers/design-tokens-language-server/internal/lsp/hover.go:64.31,66.5 1 0
github.com/bennypowers/design-tokens-language-server/internal/lsp/hover.go:68.4,70.24 2 0
github.com/bennypowers/design-tokens-language-server/internal/lsp/hover.go:70.24,72.5 1 0
github.com/bennypowers/design-tokens-language-server/internal/lsp/hover.go:74.4,74.24 1 0
github.com/bennypowers/design-tokens-language-server/internal/lsp/hover.go:74.24,76.39 2 0
github.com/bennypowers/design-tokens-language-server/internal/lsp/hover.go:76.39,78.6 1 0
github.com/bennypowers/design-tokens-language-server/internal/lsp/hover.go:79.5,79.30 1 0
github.com/bennypowers/design-tokens-language-server/internal/lsp/hover.go:82.4,82.28 1 0
github.com/bennypowers/design-tokens-language-server/internal/lsp/hover.go:82.28,84.5 1 0
github.com/bennypowers/design-tokens-language-server/internal/lsp/hover.go:86.4,101.10 1 0
github.com/bennypowers/design-tokens-language-server/internal/lsp/hover.go:106.2,106.44 1 0
github.com/bennypowers/design-tokens-language-server/internal/lsp/hover.go:106.44,107.52 1 0
github.com/bennypowers/design-tokens-language-server/internal/lsp/hover.go:107.52,110.20 2 0
github.com/bennypowers/design-tokens-language-server/internal/lsp/hover.go:110.20,112.5 1 0
github.com/bennypowers/design-tokens-language-server/internal/lsp/hover.go:115.4,118.31 3 0
github.com/bennypowers/design-tokens-language-server/internal/lsp/hover.go:118.31,120.5 1 0
github.com/bennypowers/design-tokens-language-server/internal/lsp/hover.go:122.4,124.24 2 0
github.com/bennypowers/design-tokens-language-server/internal/lsp/hover.go:124.24,126.5 1 0
github.com/bennypowers/design-tokens-language-server/internal/lsp/hover.go:128.4,133.10 1 0
github.com/bennypowers/design-tokens-language-server/internal/lsp/hover.go:137.2,137.17 1 0
github.com/bennypowers/design-tokens-language-server/internal/lsp/hover.go:141.77,147.52 3 0
github.com/bennypowers/design-tokens-language-server/internal/lsp/hover.go:147.52,149.3 1 0
github.com/bennypowers/design-tokens-language-server/internal/lsp/hover.go:151.2,151.60 1 0
github.com/bennypowers/design-tokens-language-server/internal/lsp/hover.go:151.60,153.3 1 0
github.com/bennypowers/design-tokens-language-server/internal/lsp/hover.go:155.2,155.57 1 0
github.com/bennypowers/design-tokens-language-server/internal/lsp/hover.go:155.57,157.3 1 0
github.com/bennypowers/design-tokens-language-server/internal/lsp/hover.go:159.2,159.13 1 0
github.com/bennypowers/design-tokens-language-server/internal/lsp/references.go:13.121,15.2 1 0
github.com/bennypowers/design-tokens-language-server/internal/lsp/references.go:18.95,26.16 5 0
github.com/bennypowers/design-tokens-language-server/internal/lsp/references.go:26.16,28.3 1 0
github.com/bennypowers/design-tokens-language-server/internal/lsp/references.go:31.2,31.31 1 0
github.com/bennypowers/design-tokens-language-server/internal/lsp/references.go:31.31,33.3 1 0
github.com/bennypowers/design-tokens-language-server/internal/lsp/references.go:36.2,39.16 4 0
github.com/bennypowers/design-tokens-language-server/internal/lsp/references.go:39.16,41.3 1 0
github.com/bennypowers/design-tokens-language-server/internal/lsp/references.go:44.2,45.42 2 0
github.com/bennypowers/design-tokens-language-server/internal/lsp/references.go:45.42,46.47 1 0
github.com/bennypowers/design-tokens-language-server/internal/lsp/references.go:46.47,48.9 2 0
github.com/bennypowers/design-tokens-language-server/internal/lsp/references.go:52.2,52.27 1 0
github.com/bennypowers/design-tokens-language-server/internal/lsp/references.go:52.27,54.3 1 0
github.com/bennypowers/design-tokens-language-server/internal/lsp/references.go:57.2,58.18 2 0
github.com/bennypowers/design-tokens-language-server/internal/lsp/references.go:58.18,60.3 1 0
github.com/bennypowers/design-tokens-language-server/internal/lsp/references.go:62.2,67.48 3 0
github.com/bennypowers/design-tokens-language-server/internal/lsp/references.go:67.48,68.37 1 0
github.com/bennypowers/design-tokens-language-server/internal/lsp/references.go:68.37,69.12 1 0
github.com/bennypowers/design-tokens-language-server/internal/lsp/references.go:73.3,76.17 4 0
github.com/bennypowers/design-tokens-language-server/internal/lsp/references.go:76.17,77.12 1 0
github.com/bennypowers/design-tokens-language-server/internal/lsp/references.go:81.3,81.46 1 0
github.com/bennypowers/design-tokens-language-server/internal/lsp/references.go:81.46,82.44 1 0
github.com/bennypowers/design-tokens-language-server/internal/lsp/references.go:82.44,97.5 2 0
github.com/bennypowers/design-tokens-language-server/internal/lsp/references.go:102.2,102.68 1 0
github.com/bennypowers/design-tokens-language-server/internal/lsp/references.go:102.68,111.3 2 0
github.com/bennypowers/design-tokens-language-server/internal/lsp/references.go:113.2,114.23 2 0
github.com/bennypowers/design-tokens-language-server/internal/lsp/semantic_tokens.go:27.139,32.16 4 0
github.com/bennypowers/design-tokens-language-server/internal/lsp/semantic_tokens.go:32.16,34.3 1 0
github.com/bennypowers/design-tokens-language-server/internal/lsp/semantic_tokens.go:37.2,38.50 2 0
github.com/bennypowers/design-tokens-language-server/internal/lsp/semantic_tokens.go:38.50,40.3 1 0
github.com/bennypowers/design-tokens-language-server/internal/lsp/semantic_tokens.go:42.2,49.43 5 0
github.com/bennypowers/design-tokens-language-server/internal/lsp/semantic_tokens.go:49.43,52.21 3 0
github.com/bennypowers/design-tokens-language-server/internal/lsp/semantic_tokens.go:52.21,54.4 1 0
github.com/bennypowers/design-tokens-language-server/internal/lsp/semantic_tokens.go:56.3,65.34 3 0
github.com/bennypowers/design-tokens-language-server/internal/lsp/semantic_tokens.go:68.2,70.8 1 0
github.com/bennypowers/design-tokens-language-server/internal/lsp/semantic_tokens.go:74.54,75.25 1 0
github.com/bennypowers/design-tokens-language-server/internal/lsp/semantic_tokens.go:75.25,77.3 1 0
github.com/bennypowers/design-tokens-language-server/internal/lsp/semantic_tokens.go:79.2,80.43 2 0
github.com/bennypowers/design-tokens-language-server/internal/lsp/semantic_tokens.go:80.43,81.18 1 0
github.com/bennypowers/design-tokens-language-server/internal/lsp/semantic_tokens.go:81.18,83.4 1 0
github.com/bennypowers/design-tokens-language-server/internal/lsp/semantic_tokens.go:83.9,85.4 1 0
github.com/bennypowers/design-tokens-language-server/internal/lsp/semantic_tokens.go:87.2,87.19 1 0
github.com/bennypowers/design-tokens-language-server/internal/lsp/semantic_tokens.go:91.38,93.30 2 0
github.com/bennypowers/design-tokens-language-server/internal/lsp/semantic_tokens.go:93.30,94.18 1 0
github.com/bennypowers/design-tokens-language-server/internal/lsp/semantic_tokens.go:94.18,96.4 1 0
github.com/bennypowers/design-tokens-language-server/internal/lsp/semantic_tokens.go:96.9,98.4 1 0
github.com/bennypowers/design-tokens-language-server/internal/lsp/semantic_tokens.go:100.2,100.19 1 0
github.com/bennypowers/design-tokens-language-server/internal/lsp/semantic_tokens.go:105.100,112.35 4 0
github.com/bennypowers/design-tokens-language-server/internal/lsp/semantic_tokens.go:112.35,115.21 2 0
github.com/bennypowers/design-tokens-language-server/internal/lsp/semantic_tokens.go:115.21,116.12 1 0
github.com/bennypowers/design-tokens-language-server/internal/lsp/semantic_tokens.go:119.3,119.33 1 0
github.com/bennypowers/design-tokens-language-server/internal/lsp/semantic_tokens.go:119.33,129.38 5 0
github.com/bennypowers/design-tokens-language-server/internal/lsp/semantic_tokens.go:129.38,130.13 1 0
github.com/bennypowers/design-tokens-language-server/internal/lsp/semantic_tokens.go:134.4,141.31 3 0
github.com/bennypowers/design-tokens-language-server/internal/lsp/semantic_tokens.go:141.31,143.15 2 0
github.com/bennypowers/design-tokens-language-server/internal/lsp/semantic_tokens.go:143.15,145.6 1 0
github.com/bennypowers/design-tokens-language-server/internal/lsp/semantic_tokens.go:147.5,156.49 2 0
github.com/bennypowers/design-tokens-language-server/internal/lsp/semantic_tokens.go:161.2,161.15 1 0
github.com/bennypowers/design-tokens-language-server/internal/lsp/semantic_tokens.go:165.150,168.2 1 0
github.com/bennypowers/design-tokens-language-server/internal/lsp/semantic_tokens.go:171.145,174.2 1 0
github.com/bennypowers/design-tokens-language-server/internal/lsp/server.go:28.35,72.2 5 0
github.com/bennypowers/design-tokens-language-server/internal/lsp/server.go:75.35,77.2 1 0
github.com/bennypowers/design-tokens-language-server/internal/lsp/server.go:80.35,82.2 1 0
github.com/bennypowers/design-tokens-language-server/internal/lsp/server.go:85.108,87.2 1 0
github.com/bennypowers/design-tokens-language-server/internal/lsp/server.go:90.95,92.2 1 0
github.com/bennypowers/design-tokens-language-server/internal/lsp/server.go:95.56,97.2 1 0
github.com/bennypowers/design-tokens-language-server/internal/lsp/server.go:100.89,102.2 1 0
github.com/bennypowers/design-tokens-language-server/internal/lsp/server.go:105.114,107.30 2 0
github.com/bennypowers/design-tokens-language-server/internal/lsp/server.go:107.30,109.3 1 0
github.com/bennypowers/design-tokens-language-server/internal/lsp/server.go:111.2,114.27 2 0
github.com/bennypowers/design-tokens-language-server/internal/lsp/server.go:114.27,119.3 3 0
github.com/bennypowers/design-tokens-language-server/internal/lsp/server.go:119.8,119.35 1 0
github.com/bennypowers/design-tokens-language-server/internal/lsp/server.go:119.35,123.3 3 0
github.com/bennypowers/design-tokens-language-server/internal/lsp/server.go:130.2,172.8 3 0
github.com/bennypowers/design-tokens-language-server/internal/lsp/server.go:176.101,182.49 3 0
github.com/bennypowers/design-tokens-language-server/internal/lsp/server.go:182.49,185.3 1 0
github.com/bennypowers/design-tokens-language-server/internal/lsp/server.go:188.2,188.56 1 0
github.com/bennypowers/design-tokens-language-server/internal/lsp/server.go:188.56,191.3 1 0
github.com/bennypowers/design-tokens-language-server/internal/lsp/server.go:193.2,193.12 1 0
github.com/bennypowers/design-tokens-language-server/internal/lsp/server.go:200.32,204.2 2 0
github.com/bennypowers/design-tokens-language-server/internal/lsp/server.go:207.62,212.2 2 0
github.com/bennypowers/design-tokens-language-server/internal/lsp/server.go:215.95,218.2 2 0
github.com/bennypowers/design-tokens-language-server/internal/lsp/server.go:221.105,223.16 2 0
github.com/bennypowers/design-tokens-language-server/internal/lsp/server.go:223.16,225.3 1 0
github.com/bennypowers/design-tokens-language-server/internal/lsp/server.go:228.2,228.22 1 0
github.com/bennypowers/design-tokens-language-server/internal/lsp/server.go:228.22,230.3 1 0
github.com/bennypowers/design-tokens-language-server/internal/lsp/server.go:232.2,232.12 1 0
github.com/bennypowers/design-tokens-language-server/internal/lsp/server.go:236.85,239.2 2 0
github.com/bennypowers/design-tokens-language-server/internal/lsp/server.go:242.109,250.47 5 0
github.com/bennypowers/design-tokens-language-server/internal/lsp/server.go:250.47,251.78 1 0
github.com/bennypowers/design-tokens-language-server/internal/lsp/server.go:251.78,253.4 1 0
github.com/bennypowers/design-tokens-language-server/internal/lsp/server.go:256.2,257.16 2 0
github.com/bennypowers/design-tokens-language-server/internal/lsp/server.go:257.16,259.3 1 0
github.com/bennypowers/design-tokens-language-server/internal/lsp/server.go:262.2,262.22 1 0
github.com/bennypowers/design-tokens-language-server/internal/lsp/server.go:262.22,264.3 1 0
github.com/bennypowers/design-tokens-language-server/internal/lsp/server.go:266.2,266.12 1 0
github.com/bennypowers/design-tokens-language-server/internal/lsp/server.go:270.107,276.2 3 0
github.com/bennypowers/design-tokens-language-server/internal/lsp/server.go:278.28,280.2 1 0
github.com/bennypowers/design-tokens-language-server/internal/lsp/server.go:282.31,284.2 1 0
github.com/bennypowers/design-tokens-language-server/internal/lsp/token_loader.go:27.63,28.26 1 0
github.com/bennypowers/design-tokens-language-server/internal/lsp/token_loader.go:28.26,30.3 1 0
github.com/bennypowers/design-tokens-language-server/internal/lsp/token_loader.go:33.2,33.31 1 0
github.com/bennypowers/design-tokens-language-server/internal/lsp/token_loader.go:33.31,39.3 1 0
github.com/bennypowers/design-tokens-language-server/internal/lsp/token_loader.go:41.2,47.92 4 0
github.com/bennypowers/design-tokens-language-server/internal/lsp/token_loader.go:47.92,48.17 1 0
github.com/bennypowers/design-tokens-language-server/internal/lsp/token_loader.go:48.17,50.4 1 0
github.com/bennypowers/design-tokens-language-server/internal/lsp/token_loader.go:53.3,53.19 1 0
github.com/bennypowers/design-tokens-language-server/internal/lsp/token_loader.go:53.19,54.43 1 0
github.com/bennypowers/design-tokens-language-server/internal/lsp/token_loader.go:54.43,56.5 1 0
github.com/bennypowers/design-tokens-language-server/internal/lsp/token_loader.go:58.4,58.88 1 0
github.com/bennypowers/design-tokens-language-server/internal/lsp/token_loader.go:58.88,60.5 1 0
github.com/bennypowers/design-tokens-language-server/internal/lsp/token_loader.go:61.4,61.14 1 0
github.com/bennypowers/design-tokens-language-server/internal/lsp/token_loader.go:65.3,66.17 2 0
github.com/bennypowers/design-tokens-language-server/internal/lsp/token_loader.go:66.17,68.4 1 0
github.com/bennypowers/design-tokens-language-server/internal/lsp/token_loader.go:70.3,70.43 1 0
github.com/bennypowers/design-tokens-language-server/internal/lsp/token_loader.go:70.43,72.29 2 0
github.com/bennypowers/design-tokens-language-server/internal/lsp/token_loader.go:72.29,74.10 2 0
github.com/bennypowers/design-tokens-language-server/internal/lsp/token_loader.go:78.3,78.13 1 0
github.com/bennypowers/design-tokens-language-server/internal/lsp/token_loader.go:81.2,81.16 1 0
github.com/bennypowers/design-tokens-language-server/internal/lsp/token_loader.go:81.16,83.3 1 0
github.com/bennypowers/design-tokens-language-server/internal/lsp/token_loader.go:85.2,89.38 3 0
github.com/bennypowers/design-tokens-language-server/internal/lsp/token_loader.go:89.38,90.66 1 0
github.com/bennypowers/design-tokens-language-server/internal/lsp/token_loader.go:90.66,92.12 2 0
github.com/bennypowers/design-tokens-language-server/internal/lsp/token_loader.go:94.3,94.58 1 0
github.com/bennypowers/design-tokens-language-server/internal/lsp/token_loader.go:97.2,99.19 2 0
github.com/bennypowers/design-tokens-language-server/internal/lsp/token_loader.go:99.19,101.3 1 0
github.com/bennypowers/design-tokens-language-server/internal/lsp/token_loader.go:102.2,102.12 1 0
github.com/bennypowers/design-tokens-language-server/internal/lsp/token_loader.go:107.59,112.2 2 0
github.com/bennypowers/design-tokens-language-server/internal/lsp/token_loader.go:115.36,118.16 2 0
github.com/bennypowers/design-tokens-language-server/internal/lsp/token_loader.go:118.16,120.3 1 0
github.com/bennypowers/design-tokens-language-server/internal/lsp/token_loader.go:123.2,126.38 2 0
github.com/bennypowers/design-tokens-language-server/internal/lsp/token_loader.go:126.38,128.3 1 0
github.com/bennypowers/design-tokens-language-server/internal/lsp/token_loader.go:130.2,130.28 1 0
github.com/bennypowers/design-tokens-language-server/internal/lsp/token_loader.go:134.35,142.70 3 0
github.com/bennypowers/design-tokens-language-server/internal/lsp/token_loader.go:142.70,144.3 1 0
github.com/bennypowers/design-tokens-language-server/internal/lsp/token_loader.go:146.2,146.13 1 0
github.com/bennypowers/design-tokens-language-server/internal/lsp/token_loader.go:150.61,158.2 3 0
github.com/bennypowers/design-tokens-language-server/internal/lsp/tokens.go:16.63,18.16 2 0
github.com/bennypowers/design-tokens-language-server/internal/lsp/tokens.go:18.16,20.3 1 0
github.com/bennypowers/design-tokens-language-server/internal/lsp/tokens.go:23.2,25.12 2 0
github.com/bennypowers/design-tokens-language-server/internal/lsp/tokens.go:29.71,35.13 4 0
github.com/bennypowers/design-tokens-language-server/internal/lsp/tokens.go:36.15,38.57 2 0
github.com/bennypowers/design-tokens-language-server/internal/lsp/tokens.go:39.23,41.57 2 0
github.com/bennypowers/design-tokens-language-server/internal/lsp/tokens.go:42.10,43.67 1 0
github.com/bennypowers/design-tokens-language-server/internal/lsp/tokens.go:46.2,46.16 1 0
github.com/bennypowers/design-tokens-language-server/internal/lsp/tokens.go:46.16,48.3 1 0
github.com/bennypowers/design-tokens-language-server/internal/lsp/tokens.go:51.2,56.37 4 0
github.com/bennypowers/design-tokens-language-server/internal/lsp/tokens.go:56.37,59.45 3 0
github.com/bennypowers/design-tokens-language-server/internal/lsp/tokens.go:59.45,61.4 1 0
github.com/bennypowers/design-tokens-language-server/internal/lsp/tokens.go:61.9,63.4 1 0
github.com/bennypowers/design-tokens-language-server/internal/lsp/tokens.go:66.2,66.19 1 0
github.com/bennypowers/design-tokens-language-server/internal/lsp/tokens.go:66.19,68.23 1 0
github.com/bennypowers/design-tokens-language-server/internal/lsp/tokens.go:68.23,71.4 1 0
github.com/bennypowers/design-tokens-language-server/internal/lsp/tokens.go:71.9,73.4 1 0
github.com/bennypowers/design-tokens-language-server/internal/lsp/tokens.go:74.3,74.106 1 0
github.com/bennypowers/design-tokens-language-server/internal/lsp/tokens.go:77.2,78.12 2 0
github.com/bennypowers/design-tokens-language-server/internal/lsp/tokens.go:84.71,87.16 3 0
github.com/bennypowers/design-tokens-language-server/internal/lsp/tokens.go:87.16,89.3 1 0
github.com/bennypowers/design-tokens-language-server/internal/lsp/tokens.go:91.2,93.37 3 0
github.com/bennypowers/design-tokens-language-server/internal/lsp/tokens.go:93.37,94.45 1 0
github.com/bennypowers/design-tokens-language-server/internal/lsp/tokens.go:94.45,96.4 1 0
github.com/bennypowers/design-tokens-language-server/internal/lsp/tokens.go:96.9,98.4 1 0
github.com/bennypowers/design-tokens-language-server/internal/lsp/tokens.go:101.2,101.19 1 0
github.com/bennypowers/design-tokens-language-server/internal/lsp/tokens.go:101.19,103.3 1 0
github.com/bennypowers/design-tokens-language-server/internal/lsp/tokens.go:104.2,104.12 1 0
github.com/bennypowers/design-tokens-language-server/internal/parser/css/parser.go:19.18,24.3 4 0
github.com/bennypowers/design-tokens-language-server/internal/parser/css/parser.go:29.26,37.2 4 0
github.com/bennypowers/design-tokens-language-server/internal/parser/css/parser.go:40.30,44.2 3 0
github.com/bennypowers/design-tokens-language-server/internal/parser/css/parser.go:47.31,48.14 1 0
github.com/bennypowers/design-tokens-language-server/internal/parser/css/parser.go:48.14,50.3 1 0
github.com/bennypowers/design-tokens-language-server/internal/parser/css/parser.go:55.26,56.21 1 0
github.com/bennypowers/design-tokens-language-server/internal/parser/css/parser.go:56.21,58.3 1 0
github.com/bennypowers/design-tokens-language-server/internal/parser/css/parser.go:63.18,67.16 1 0
github.com/bennypowers/design-tokens-language-server/internal/parser/css/parser.go:67.16,68.58 1 0
github.com/bennypowers/design-tokens-language-server/internal/parser/css/parser.go:68.58,70.4 1 0
github.com/bennypowers/design-tokens-language-server/internal/parser/css/parser.go:76.61,79.17 3 0
github.com/bennypowers/design-tokens-language-server/internal/parser/css/parser.go:79.17,81.3 1 0
github.com/bennypowers/design-tokens-language-server/internal/parser/css/parser.go:82.2,94.20 5 0
github.com/bennypowers/design-tokens-language-server/internal/parser/css/parser.go:99.66,101.35 2 0
github.com/bennypowers/design-tokens-language-server/internal/parser/css/parser.go:101.35,103.3 1 0
github.com/bennypowers/design-tokens-language-server/internal/parser/css/parser.go:105.2,108.36 2 0
github.com/bennypowers/design-tokens-language-server/internal/parser/css/parser.go:108.36,110.3 1 0
github.com/bennypowers/design-tokens-language-server/internal/parser/css/parser.go:112.2,113.48 2 0
github.com/bennypowers/design-tokens-language-server/internal/parser/css/parser.go:113.48,114.18 1 0
github.com/bennypowers/design-tokens-language-server/internal/parser/css/parser.go:114.18,116.4 1 0
github.com/bennypowers/design-tokens-language-server/internal/parser/css/parser.go:116.9,118.4 1 0
github.com/bennypowers/design-tokens-language-server/internal/parser/css/parser.go:121.2,124.3 1 0
github.com/bennypowers/design-tokens-language-server/internal/parser/css/parser.go:128.102,129.17 1 0
github.com/bennypowers/design-tokens-language-server/internal/parser/css/parser.go:129.17,131.3 1 0
github.com/bennypowers/design-tokens-language-server/internal/parser/css/parser.go:133.2,136.31 2 0
github.com/bennypowers/design-tokens-language-server/internal/parser/css/parser.go:136.31,138.3 1 0
github.com/bennypowers/design-tokens-language-server/internal/parser/css/parser.go:141.2,141.35 1 0
github.com/bennypowers/design-tokens-language-server/internal/parser/css/parser.go:141.35,143.3 1 0
github.com/bennypowers/design-tokens-language-server/internal/parser/css/parser.go:146.2,146.47 1 0
github.com/bennypowers/design-tokens-language-server/internal/parser/css/parser.go:146.47,149.3 2 0
github.com/bennypowers/design-tokens-language-server/internal/parser/css/parser.go:153.111,158.47 3 0
github.com/bennypowers/design-tokens-language-server/internal/parser/css/parser.go:158.47,161.15 3 0
github.com/bennypowers/design-tokens-language-server/internal/parser/css/parser.go:162.24,163.24 1 0
github.com/bennypowers/design-tokens-language-server/internal/parser/css/parser.go:164.69,165.42 1 0
github.com/bennypowers/design-tokens-language-server/internal/parser/css/parser.go:169.2,169.25 1 0
github.com/bennypowers/design-tokens-language-server/internal/parser/css/parser.go:169.25,171.3 1 0
github.com/bennypowers/design-tokens-language-server/internal/parser/css/parser.go:173.2,176.44 2 0
github.com/bennypowers/design-tokens-language-server/internal/parser/css/parser.go:176.44,178.3 1 0
github.com/bennypowers/design-tokens-language-server/internal/parser/css/parser.go:181.2,182.25 2 0
github.com/bennypowers/design-tokens-language-server/internal/parser/css/parser.go:182.25,185.40 2 0
github.com/bennypowers/design-tokens-language-server/internal/parser/css/parser.go:185.40,188.4 2 0
github.com/bennypowers/design-tokens-language-server/internal/parser/css/parser.go:189.3,189.35 1 0
github.com/bennypowers/design-tokens-language-server/internal/parser/css/parser.go:193.2,203.55 2 0
github.com/bennypowers/design-tokens-language-server/internal/parser/css/parser.go:207.114,212.47 3 0
github.com/bennypowers/design-tokens-language-server/internal/parser/css/parser.go:212.47,215.15 3 0
github.com/bennypowers/design-tokens-language-server/internal/parser/css/parser.go:216.24,217.28 1 0
github.com/bennypowers/design-tokens-language-server/internal/parser/css/parser.go:218.20,219.25 1 0
github.com/bennypowers/design-tokens-language-server/internal/parser/css/parser.go:223.2,223.29 1 0
github.com/bennypowers/design-tokens-language-server/internal/parser/css/parser.go:223.29,225.3 1 0
github.com/bennypowers/design-tokens-language-server/internal/parser/css/parser.go:227.2,230.27 2 0
github.com/bennypowers/design-tokens-language-server/internal/parser/css/parser.go:230.27,232.3 1 0
github.com/bennypowers/design-tokens-language-server/internal/parser/css/parser.go:234.2,234.26 1 0
github.com/bennypowers/design-tokens-language-server/internal/parser/css/parser.go:234.26,236.3 1 0
github.com/bennypowers/design-tokens-language-server/internal/parser/css/parser.go:239.2,243.56 4 0
github.com/bennypowers/design-tokens-language-server/internal/parser/css/parser.go:243.56,248.48 3 0
github.com/bennypowers/design-tokens-language-server/internal/parser/css/parser.go:248.48,249.12 1 0
github.com/bennypowers/design-tokens-language-server/internal/parser/css/parser.go:253.3,253.19 1 0
github.com/bennypowers/design-tokens-language-server/internal/parser/css/parser.go:254.10,257.14 3 0
github.com/bennypowers/design-tokens-language-server/internal/parser/css/parser.go:258.10,263.14 4 0
github.com/bennypowers/design-tokens-language-server/internal/parser/css/parser.go:267.2,267.21 1 0
github.com/bennypowers/design-tokens-language-server/internal/parser/css/parser.go:267.21,269.3 1 0
github.com/bennypowers/design-tokens-language-server/internal/parser/css/parser.go:272.2,282.52 2 0
github.com/bennypowers/design-tokens-language-server/internal/parser/json/parser.go:17.26,19.2 1 0
github.com/bennypowers/design-tokens-language-server/internal/parser/json/parser.go:23.77,29.60 3 0
github.com/bennypowers/design-tokens-language-server/internal/parser/json/parser.go:29.60,31.3 1 0
github.com/bennypowers/design-tokens-language-server/internal/parser/json/parser.go:34.2,37.20 3 0
github.com/bennypowers/design-tokens-language-server/internal/parser/json/parser.go:41.99,43.2 1 0
github.com/bennypowers/design-tokens-language-server/internal/parser/json/parser.go:46.126,47.31 1 0
github.com/bennypowers/design-tokens-language-server/internal/parser/json/parser.go:47.31,49.13 2 0
github.com/bennypowers/design-tokens-language-server/internal/parser/json/parser.go:49.13,50.12 1 0
github.com/bennypowers/design-tokens-language-server/internal/parser/json/parser.go:53.3,56.60 2 0
github.com/bennypowers/design-tokens-language-server/internal/parser/json/parser.go:56.60,59.4 2 0
github.com/bennypowers/design-tokens-language-server/internal/parser/json/parser.go:59.9,62.18 2 0
github.com/bennypowers/design-tokens-language-server/internal/parser/json/parser.go:62.18,64.5 1 0
github.com/bennypowers/design-tokens-language-server/internal/parser/json/parser.go:64.10,66.5 1 0
github.com/bennypowers/design-tokens-language-server/internal/parser/json/parser.go:67.4,67.75 1 0
github.com/bennypowers/design-tokens-language-server/internal/parser/json/parser.go:73.128,76.16 2 0
github.com/bennypowers/design-tokens-language-server/internal/parser/json/parser.go:76.16,78.3 1 0
github.com/bennypowers/design-tokens-language-server/internal/parser/json/parser.go:78.8,80.3 1 0
github.com/bennypowers/design-tokens-language-server/internal/parser/json/parser.go:83.2,94.49 3 0
github.com/bennypowers/design-tokens-language-server/internal/parser/json/parser.go:94.49,96.3 1 0
github.com/bennypowers/design-tokens-language-server/internal/parser/json/parser.go:99.2,99.51 1 0
github.com/bennypowers/design-tokens-language-server/internal/parser/json/parser.go:99.51,101.3 1 0
github.com/bennypowers/design-tokens-language-server/internal/parser/json/parser.go:104.2,104.54 1 0
github.com/bennypowers/design-tokens-language-server/internal/parser/json/parser.go:104.54,106.3 1 0
github.com/bennypowers/design-tokens-language-server/internal/parser/json/parser.go:106.8,106.59 1 0
github.com/bennypowers/design-tokens-language-server/internal/parser/json/parser.go:106.59,109.3 2 0
github.com/bennypowers/design-tokens-language-server/internal/parser/json/parser.go:112.2,112.64 1 0
github.com/bennypowers/design-tokens-language-server/internal/parser/json/parser.go:112.64,114.3 1 0
github.com/bennypowers/design-tokens-language-server/internal/parser/json/parser.go:116.2,116.14 1 0
github.com/bennypowers/design-tokens-language-server/internal/parser/json/parser.go:120.85,122.16 2 0
github.com/bennypowers/design-tokens-language-server/internal/parser/json/parser.go:122.16,124.3 1 0
github.com/bennypowers/design-tokens-language-server/internal/parser/json/parser.go:126.2,127.16 2 0
github.com/bennypowers/design-tokens-language-server/internal/parser/json/parser.go:127.16,129.3 1 0
github.com/bennypowers/design-tokens-language-server/internal/parser/json/parser.go:131.2,131.20 1 0
github.com/bennypowers/design-tokens-language-server/internal/parser/yaml/parser.go:16.26,18.2 1 0
github.com/bennypowers/design-tokens-language-server/internal/parser/yaml/parser.go:21.77,24.55 2 0
github.com/bennypowers/design-tokens-language-server/internal/parser/yaml/parser.go:24.55,26.3 1 0
github.com/bennypowers/design-tokens-language-server/internal/parser/yaml/parser.go:29.2,32.20 3 0
github.com/bennypowers/design-tokens-language-server/internal/parser/yaml/parser.go:36.107,38.2 1 0
github.com/bennypowers/design-tokens-language-server/internal/parser/yaml/parser.go:41.134,42.31 1 0
github.com/bennypowers/design-tokens-language-server/internal/parser/yaml/parser.go:42.31,44.13 2 0
github.com/bennypowers/design-tokens-language-server/internal/parser/yaml/parser.go:44.13,45.12 1 0
github.com/bennypowers/design-tokens-language-server/internal/parser/yaml/parser.go:48.3,51.60 2 0
github.com/bennypowers/design-tokens-language-server/internal/parser/yaml/parser.go:51.60,54.4 2 0
github.com/bennypowers/design-tokens-language-server/internal/parser/yaml/parser.go:54.9,57.18 2 0
github.com/bennypowers/design-tokens-language-server/internal/parser/yaml/parser.go:57.18,59.5 1 0
github.com/bennypowers/design-tokens-language-server/internal/parser/yaml/parser.go:59.10,61.5 1 0
github.com/bennypowers/design-tokens-language-server/internal/parser/yaml/parser.go:62.4,62.75 1 0
github.com/bennypowers/design-tokens-language-server/internal/parser/yaml/parser.go:68.144,71.16 2 0
github.com/bennypowers/design-tokens-language-server/internal/parser/yaml/parser.go:71.16,73.3 1 0
github.com/bennypowers/design-tokens-language-server/internal/parser/yaml/parser.go:73.8,75.3 1 0
github.com/bennypowers/design-tokens-language-server/internal/parser/yaml/parser.go:78.2,89.49 3 0
github.com/bennypowers/design-tokens-language-server/internal/parser/yaml/parser.go:89.49,91.3 1 0
github.com/bennypowers/design-tokens-language-server/internal/parser/yaml/parser.go:94.2,94.51 1 0
github.com/bennypowers/design-tokens-language-server/internal/parser/yaml/parser.go:94.51,96.3 1 0
github.com/bennypowers/design-tokens-language-server/internal/parser/yaml/parser.go:99.2,99.54 1 0
github.com/bennypowers/design-tokens-language-server/internal/parser/yaml/parser.go:99.54,101.3 1 0
github.com/bennypowers/design-tokens-language-server/internal/parser/yaml/parser.go:101.8,101.59 1 0
github.com/bennypowers/design-tokens-language-server/internal/parser/yaml/parser.go:101.59,104.3 2 0
github.com/bennypowers/design-tokens-language-server/internal/parser/yaml/parser.go:107.2,107.72 1 0
github.com/bennypowers/design-tokens-language-server/internal/parser/yaml/parser.go:107.72,109.3 1 0
github.com/bennypowers/design-tokens-language-server/internal/parser/yaml/parser.go:111.2,111.14 1 0
github.com/bennypowers/design-tokens-language-server/internal/parser/yaml/parser.go:115.85,117.16 2 0
github.com/bennypowers/design-tokens-language-server/internal/parser/yaml/parser.go:117.16,119.3 1 0
github.com/bennypowers/design-tokens-language-server/internal/parser/yaml/parser.go:121.2,122.16 2 0
github.com/bennypowers/design-tokens-language-server/internal/parser/yaml/parser.go:122.16,124.3 1 0
github.com/bennypowers/design-tokens-language-server/internal/parser/yaml/parser.go:126.2,126.20 1 0
github.com/bennypowers/design-tokens-language-server/internal/position/utf16.go:8.52,9.19 1 34
github.com/bennypowers/design-tokens-language-server/internal/position/utf16.go:9.19,11.3 1 6
github.com/bennypowers/design-tokens-language-server/internal/position/utf16.go:13.2,16.46 3 28
github.com/bennypowers/design-tokens-language-server/internal/position/utf16.go:16.46,18.39 2 229
github.com/bennypowers/design-tokens-language-server/internal/position/utf16.go:18.39,22.12 3 1
github.com/bennypowers/design-tokens-language-server/internal/position/utf16.go:27.3,27.17 1 228
github.com/bennypowers/design-tokens-language-server/internal/position/utf16.go:27.17,30.29 1 2
github.com/bennypowers/design-tokens-language-server/internal/position/utf16.go:30.29,31.10 1 0
github.com/bennypowers/design-tokens-language-server/internal/position/utf16.go:33.4,33.14 1 2
github.com/bennypowers/design-tokens-language-server/internal/position/utf16.go:34.9,36.4 1 226
github.com/bennypowers/design-tokens-language-server/internal/position/utf16.go:38.3,38.21 1 228
github.com/bennypowers/design-tokens-language-server/internal/position/utf16.go:41.2,41.19 1 28
github.com/bennypowers/design-tokens-language-server/internal/position/utf16.go:47.54,48.21 1 0
github.com/bennypowers/design-tokens-language-server/internal/position/utf16.go:48.21,50.3 1 0
github.com/bennypowers/design-tokens-language-server/internal/position/utf16.go:51.2,51.25 1 0
github.com/bennypowers/design-tokens-language-server/internal/position/utf16.go:51.25,53.3 1 0
github.com/bennypowers/design-tokens-language-server/internal/position/utf16.go:55.2,59.33 3 0
github.com/bennypowers/design-tokens-language-server/internal/position/utf16.go:59.33,61.39 2 0
github.com/bennypowers/design-tokens-language-server/internal/position/utf16.go:61.39,62.9 1 0
github.com/bennypowers/design-tokens-language-server/internal/position/utf16.go:66.3,66.38 1 0
github.com/bennypowers/design-tokens-language-server/internal/position/utf16.go:66.38,67.9 1 0
github.com/bennypowers/design-tokens-language-server/internal/position/utf16.go:70.3,70.17 1 0
github.com/bennypowers/design-tokens-language-server/internal/position/utf16.go:70.17,72.4 1 0
github.com/bennypowers/design-tokens-language-server/internal/position/utf16.go:72.9,74.4 1 0
github.com/bennypowers/design-tokens-language-server/internal/position/utf16.go:76.3,76.24 1 0
github.com/bennypowers/design-tokens-language-server/internal/position/utf16.go:78.2,78.19 1 0
github.com/bennypowers/design-tokens-language-server/internal/position/utf16.go:83.38,85.22 2 2
github.com/bennypowers/design-tokens-language-server/internal/position/utf16.go:85.22,86.17 1 5
github.com/bennypowers/design-tokens-language-server/internal/position/utf16.go:86.17,88.4 1 0
github.com/bennypowers/design-tokens-language-server/internal/position/utf16.go:88.9,90.4 1 5
github.com/bennypowers/design-tokens-language-server/internal/position/utf16.go:92.2,92.19 1 2
github.com/bennypowers/design-tokens-language-server/internal/server/server.go:16.20,20.2 1 0
github.com/bennypowers/design-tokens-language-server/internal/server/server.go:23.100,24.19 1 0
github.com/bennypowers/design-tokens-language-server/internal/server/server.go:24.19,26.3 1 0
github.com/bennypowers/design-tokens-language-server/internal/server/server.go:29.2,76.20 4 0
github.com/bennypowers/design-tokens-language-server/internal/server/server.go:80.72,83.2 2 0
github.com/bennypowers/design-tokens-language-server/internal/server/server.go:85.28,87.2 1 0
github.com/bennypowers/design-tokens-language-server/internal/tokens/manager.go:16.28,20.2 1 0
github.com/bennypowers/design-tokens-language-server/internal/tokens/manager.go:23.43,24.18 1 0
github.com/bennypowers/design-tokens-language-server/internal/tokens/manager.go:24.18,26.3 1 0
github.com/bennypowers/design-tokens-language-server/internal/tokens/manager.go:28.2,32.12 4 0
github.com/bennypowers/design-tokens-language-server/internal/tokens/manager.go:40.48,45.50 3 0
github.com/bennypowers/design-tokens-language-server/internal/tokens/manager.go:45.50,47.3 1 0
github.com/bennypowers/design-tokens-language-server/internal/tokens/manager.go:50.2,50.40 1 0
github.com/bennypowers/design-tokens-language-server/internal/tokens/manager.go:50.40,54.59 2 0
github.com/bennypowers/design-tokens-language-server/internal/tokens/manager.go:54.59,56.4 1 0
github.com/bennypowers/design-tokens-language-server/internal/tokens/manager.go:59.3,59.34 1 0
github.com/bennypowers/design-tokens-language-server/internal/tokens/manager.go:59.34,60.44 1 0
github.com/bennypowers/design-tokens-language-server/internal/tokens/manager.go:60.44,62.5 1 0
github.com/bennypowers/design-tokens-language-server/internal/tokens/manager.go:66.2,66.12 1 0
github.com/bennypowers/design-tokens-language-server/internal/tokens/manager.go:70.37,75.33 4 0
github.com/bennypowers/design-tokens-language-server/internal/tokens/manager.go:75.33,77.3 1 0
[...]
github.com/bennypowers/design-tokens-language-server/internal/lsp/tokens.go:93.37,94.45 1 0
github.com/bennypowers/design-tokens-language-server/internal/lsp/tokens.go:94.45,96.4 1 0
github.com/bennypowers/design-tokens-language-server/internal/lsp/tokens.go:96.9,98.4 1 0
github.com/bennypowers/design-tokens-language-server/internal/lsp/tokens.go:101.2,101.19 1 0
github.com/bennypowers/design-tokens-language-server/internal/lsp/tokens.go:101.19,103.3 1 0
github.com/bennypowers/design-tokens-language-server/internal/lsp/tokens.go:104.2,104.12 1 0
github.com/bennypowers/design-tokens-language-server/internal/parser/css/parser.go:19.18,24.3 4 500
github.com/bennypowers/design-tokens-language-server/internal/parser/css/parser.go:29.26,37.2 4 0
github.com/bennypowers/design-tokens-language-server/internal/parser/css/parser.go:40.30,44.2 3 0
github.com/bennypowers/design-tokens-language-server/internal/parser/css/parser.go:47.31,48.14 1 0
github.com/bennypowers/design-tokens-language-server/internal/parser/css/parser.go:48.14,50.3 1 0
github.com/bennypowers/design-tokens-language-server/internal/parser/css/parser.go:55.26,56.21 1 500
github.com/bennypowers/design-tokens-language-server/internal/parser/css/parser.go:56.21,58.3 1 500
github.com/bennypowers/design-tokens-language-server/internal/parser/css/parser.go:63.18,67.16 1 5
github.com/bennypowers/design-tokens-language-server/internal/parser/css/parser.go:67.16,68.58 1 500
github.com/bennypowers/design-tokens-language-server/internal/parser/css/parser.go:68.58,70.4 1 500
github.com/bennypowers/design-tokens-language-server/internal/parser/css/parser.go:76.61,79.17 3 0
github.com/bennypowers/design-tokens-language-server/internal/parser/css/parser.go:79.17,81.3 1 0
github.com/bennypowers/design-tokens-language-server/internal/parser/css/parser.go:82.2,94.20 5 0
github.com/bennypowers/design-tokens-language-server/internal/parser/css/parser.go:99.66,101.35 2 0
github.com/bennypowers/design-tokens-language-server/internal/parser/css/parser.go:101.35,103.3 1 0
github.com/bennypowers/design-tokens-language-server/internal/parser/css/parser.go:105.2,108.36 2 0
github.com/bennypowers/design-tokens-language-server/internal/parser/css/parser.go:108.36,110.3 1 0
github.com/bennypowers/design-tokens-language-server/internal/parser/css/parser.go:112.2,113.48 2 0
github.com/bennypowers/design-tokens-language-server/internal/parser/css/parser.go:113.48,114.18 1 0
github.com/bennypowers/design-tokens-language-server/internal/parser/css/parser.go:114.18,116.4 1 0
github.com/bennypowers/design-tokens-language-server/internal/parser/css/parser.go:116.9,118.4 1 0
github.com/bennypowers/design-tokens-language-server/internal/parser/css/parser.go:121.2,124.3 1 0
github.com/bennypowers/design-tokens-language-server/internal/parser/css/parser.go:128.102,129.17 1 0
github.com/bennypowers/design-tokens-language-server/internal/parser/css/parser.go:129.17,131.3 1 0
github.com/bennypowers/design-tokens-language-server/internal/parser/css/parser.go:133.2,136.31 2 0
github.com/bennypowers/design-tokens-language-server/internal/parser/css/parser.go:136.31,138.3 1 0
github.com/bennypowers/design-tokens-language-server/internal/parser/css/parser.go:141.2,141.35 1 0
github.com/bennypowers/design-tokens-language-server/internal/parser/css/parser.go:141.35,143.3 1 0
github.com/bennypowers/design-tokens-language-server/internal/parser/css/parser.go:146.2,146.47 1 0
github.com/bennypowers/design-tokens-language-server/internal/parser/css/parser.go:146.47,149.3 2 0
github.com/bennypowers/design-tokens-language-server/internal/parser/css/parser.go:153.111,158.47 3 0
github.com/bennypowers/design-tokens-language-server/internal/parser/css/parser.go:158.47,161.15 3 0
github.com/bennypowers/design-tokens-language-server/internal/parser/css/parser.go:162.24,163.24 1 0
github.com/bennypowers/design-tokens-language-server/internal/parser/css/parser.go:164.69,165.42 1 0
github.com/bennypowers/design-tokens-language-server/internal/parser/css/parser.go:169.2,169.25 1 0
github.com/bennypowers/design-tokens-language-server/internal/parser/css/parser.go:169.25,171.3 1 0
github.com/bennypowers/design-tokens-language-server/internal/parser/css/parser.go:173.2,176.44 2 0
github.com/bennypowers/design-tokens-language-server/internal/parser/css/parser.go:176.44,178.3 1 0
github.com/bennypowers/design-tokens-language-server/internal/parser/css/parser.go:181.2,182.25 2 0
github.com/bennypowers/design-tokens-language-server/internal/parser/css/parser.go:182.25,185.40 2 0
github.com/bennypowers/design-tokens-language-server/internal/parser/css/parser.go:185.40,188.4 2 0
github.com/bennypowers/design-tokens-language-server/internal/parser/css/parser.go:189.3,189.35 1 0
github.com/bennypowers/design-tokens-language-server/internal/parser/css/parser.go:193.2,203.55 2 0
github.com/bennypowers/design-tokens-language-server/internal/parser/css/parser.go:207.114,212.47 3 0
github.com/bennypowers/design-tokens-language-server/internal/parser/css/parser.go:212.47,215.15 3 0
github.com/bennypowers/design-tokens-language-server/internal/parser/css/parser.go:216.24,217.28 1 0
github.com/bennypowers/design-tokens-language-server/internal/parser/css/parser.go:218.20,219.25 1 0
github.com/bennypowers/design-tokens-language-server/internal/parser/css/parser.go:223.2,223.29 1 0
github.com/bennypowers/design-tokens-language-server/internal/parser/css/parser.go:223.29,225.3 1 0
github.com/bennypowers/design-tokens-language-server/internal/parser/css/parser.go:227.2,230.27 2 0
github.com/bennypowers/design-tokens-language-server/internal/parser/css/parser.go:230.27,232.3 1 0
github.com/bennypowers/design-tokens-language-server/internal/parser/css/parser.go:234.2,234.26 1 0
github.com/bennypowers/design-tokens-language-server/internal/parser/css/parser.go:234.26,236.3 1 0
github.com/bennypowers/design-tokens-language-server/internal/parser/css/parser.go:239.2,243.56 4 0
github.com/bennypowers/design-tokens-language-server/internal/parser/css/parser.go:243.56,248.48 3 0
github.com/bennypowers/design-tokens-language-server/internal/parser/css/parser.go:248.48,249.12 1 0
github.com/bennypowers/design-tokens-language-server/internal/parser/css/parser.go:253.3,253.19 1 0
github.com/bennypowers/design-tokens-language-server/internal/parser/css/parser.go:254.10,257.14 3 0
github.com/bennypowers/design-tokens-language-server/internal/parser/css/parser.go:258.10,263.14 4 0
github.com/bennypowers/design-tokens-language-server/internal/parser/css/parser.go:267.2,267.21 1 0
github.com/bennypowers/design-tokens-language-server/internal/parser/css/parser.go:267.21,269.3 1 0
github.com/bennypowers/design-tokens-language-server/internal/parser/css/parser.go:272.2,282.52 2 0
github.com/bennypowers/design-tokens-language-server/internal/parser/json/parser.go:17.26,19.2 1 4
github.com/bennypowers/design-tokens-language-server/internal/parser/json/parser.go:23.77,29.60 3 4
github.com/bennypowers/design-tokens-language-server/internal/parser/json/parser.go:29.60,31.3 1 0
github.com/bennypowers/design-tokens-language-server/internal/parser/json/parser.go:34.2,37.20 3 4
github.com/bennypowers/design-tokens-language-server/internal/parser/json/parser.go:41.99,43.2 1 4
github.com/bennypowers/design-tokens-language-server/internal/parser/json/parser.go:46.126,47.31 1 8
github.com/bennypowers/design-tokens-language-server/internal/parser/json/parser.go:47.31,49.13 2 8
github.com/bennypowers/design-tokens-language-server/internal/parser/json/parser.go:49.13,50.12 1 0
github.com/bennypowers/design-tokens-language-server/internal/parser/json/parser.go:53.3,56.60 2 8
github.com/bennypowers/design-tokens-language-server/internal/parser/json/parser.go:56.60,59.4 2 4
github.com/bennypowers/design-tokens-language-server/internal/parser/json/parser.go:59.9,62.18 2 4
github.com/bennypowers/design-tokens-language-server/internal/parser/json/parser.go:62.18,64.5 1 4
github.com/bennypowers/design-tokens-language-server/internal/parser/json/parser.go:64.10,66.5 1 0
github.com/bennypowers/design-tokens-language-server/internal/parser/json/parser.go:67.4,67.75 1 4
github.com/bennypowers/design-tokens-language-server/internal/parser/json/parser.go:73.128,76.16 2 4
github.com/bennypowers/design-tokens-language-server/internal/parser/json/parser.go:76.16,78.3 1 0
github.com/bennypowers/design-tokens-language-server/internal/parser/json/parser.go:78.8,80.3 1 4
github.com/bennypowers/design-tokens-language-server/internal/parser/json/parser.go:83.2,94.49 3 4
github.com/bennypowers/design-tokens-language-server/internal/parser/json/parser.go:94.49,96.3 1 4
github.com/bennypowers/design-tokens-language-server/internal/parser/json/parser.go:99.2,99.51 1 4
github.com/bennypowers/design-tokens-language-server/internal/parser/json/parser.go:99.51,101.3 1 0
github.com/bennypowers/design-tokens-language-server/internal/parser/json/parser.go:104.2,104.54 1 4
github.com/bennypowers/design-tokens-language-server/internal/parser/json/parser.go:104.54,106.3 1 0
github.com/bennypowers/design-tokens-language-server/internal/parser/json/parser.go:106.8,106.59 1 4
github.com/bennypowers/design-tokens-language-server/internal/parser/json/parser.go:106.59,109.3 2 0
github.com/bennypowers/design-tokens-language-server/internal/parser/json/parser.go:112.2,112.64 1 4
github.com/bennypowers/design-tokens-language-server/internal/parser/json/parser.go:112.64,114.3 1 0
github.com/bennypowers/design-tokens-language-server/internal/parser/json/parser.go:116.2,116.14 1 4
github.com/bennypowers/design-tokens-language-server/internal/parser/json/parser.go:120.85,122.16 2 4
github.com/bennypowers/design-tokens-language-server/internal/parser/json/parser.go:122.16,124.3 1 0
github.com/bennypowers/design-tokens-language-server/internal/parser/json/parser.go:126.2,127.16 2 4
github.com/bennypowers/design-tokens-language-server/internal/parser/json/parser.go:127.16,129.3 1 0
github.com/bennypowers/design-tokens-language-server/internal/parser/json/parser.go:131.2,131.20 1 4
github.com/bennypowers/design-tokens-language-server/internal/parser/yaml/parser.go:16.26,18.2 1 4
github.com/bennypowers/design-tokens-language-server/internal/parser/yaml/parser.go:21.77,24.55 2 4
github.com/bennypowers/design-tokens-language-server/internal/parser/yaml/parser.go:24.55,26.3 1 0
github.com/bennypowers/design-tokens-language-server/internal/parser/yaml/parser.go:29.2,32.20 3 4
github.com/bennypowers/design-tokens-language-server/internal/parser/yaml/parser.go:36.107,38.2 1 4
github.com/bennypowers/design-tokens-language-server/internal/parser/yaml/parser.go:41.134,42.31 1 8
github.com/bennypowers/design-tokens-language-server/internal/parser/yaml/parser.go:42.31,44.13 2 8
github.com/bennypowers/design-tokens-language-server/internal/parser/yaml/parser.go:44.13,45.12 1 0
github.com/bennypowers/design-tokens-language-server/internal/parser/yaml/parser.go:48.3,51.60 2 8
github.com/bennypowers/design-tokens-language-server/internal/parser/yaml/parser.go:51.60,54.4 2 4
github.com/bennypowers/design-tokens-language-server/internal/parser/yaml/parser.go:54.9,57.18 2 4
github.com/bennypowers/design-tokens-language-server/internal/parser/yaml/parser.go:57.18,59.5 1 4
github.com/bennypowers/design-tokens-language-server/internal/parser/yaml/parser.go:59.10,61.5 1 0
github.com/bennypowers/design-tokens-language-server/internal/parser/yaml/parser.go:62.4,62.75 1 4
github.com/bennypowers/design-tokens-language-server/internal/parser/yaml/parser.go:68.144,71.16 2 4
github.com/bennypowers/design-tokens-language-server/internal/parser/yaml/parser.go:71.16,73.3 1 0
github.com/bennypowers/design-tokens-language-server/internal/parser/yaml/parser.go:73.8,75.3 1 4
github.com/bennypowers/design-tokens-language-server/internal/parser/yaml/parser.go:78.2,89.49 3 4
github.com/bennypowers/design-tokens-language-server/internal/parser/yaml/parser.go:89.49,91.3 1 4
github.com/bennypowers/design-tokens-language-server/internal/parser/yaml/parser.go:94.2,94.51 1 4
github.com/bennypowers/design-tokens-language-server/internal/parser/yaml/parser.go:94.51,96.3 1 0
github.com/bennypowers/design-tokens-language-server/internal/parser/yaml/parser.go:99.2,99.54 1 4
github.com/bennypowers/design-tokens-language-server/internal/parser/yaml/parser.go:99.54,101.3 1 0
github.com/bennypowers/design-tokens-language-server/internal/parser/yaml/parser.go:101.8,101.59 1 4
github.com/bennypowers/design-tokens-language-server/internal/parser/yaml/parser.go:101.59,104.3 2 0
github.com/bennypowers/design-tokens-language-server/internal/parser/yaml/parser.go:107.2,107.72 1 4
github.com/bennypowers/design-tokens-language-server/internal/parser/yaml/parser.go:107.72,109.3 1 0
github.com/bennypowers/design-tokens-language-server/internal/parser/yaml/parser.go:111.2,111.14 1 4
github.com/bennypowers/design-tokens-language-server/internal/parser/yaml/parser.go:115.85,117.16 2 4
github.com/bennypowers/design-tokens-language-server/internal/parser/yaml/parser.go:117.16,119.3 1 0
github.com/bennypowers/design-tokens-language-server/internal/parser/yaml/parser.go:121.2,122.16 2 4
github.com/bennypowers/design-tokens-language-server/internal/parser/yaml/parser.go:122.16,124.3 1 0
github.com/bennypowers/design-tokens-language-server/internal/parser/yaml/parser.go:126.2,126.20 1 4
github.com/bennypowers/design-tokens-language-server/internal/position/utf16.go:8.52,9.19 1 0
github.com/bennypowers/design-tokens-language-server/internal/position/utf16.go:9.19,11.3 1 0
github.com/bennypowers/design-tokens-language-server/internal/position/utf16.go:13.2,16.46 3 0
github.com/bennypowers/design-tokens-language-server/internal/position/utf16.go:16.46,18.39 2 0
github.com/bennypowers/design-tokens-language-server/internal/position/utf16.go:18.39,22.12 3 0
github.com/bennypowers/design-tokens-language-server/internal/position/utf16.go:27.3,27.17 1 0
github.com/bennypowers/design-tokens-language-server/internal/position/utf16.go:27.17,30.29 1 0
github.com/bennypowers/design-tokens-language-server/internal/position/utf16.go:30.29,31.10 1 0
github.com/bennypowers/design-tokens-language-server/internal/position/utf16.go:33.4,33.14 1 0
github.com/bennypowers/design-tokens-language-server/internal/position/utf16.go:34.9,36.4 1 0
github.com/bennypowers/design-tokens-language-server/internal/position/utf16.go:38.3,38.21 1 0
github.com/bennypowers/design-tokens-language-server/internal/position/utf16.go:41.2,41.19 1 0
github.com/bennypowers/design-tokens-language-server/internal/position/utf16.go:47.54,48.21 1 0
github.com/bennypowers/design-tokens-language-server/internal/position/utf16.go:48.21,50.3 1 0
github.com/bennypowers/design-tokens-language-server/internal/position/utf16.go:51.2,51.25 1 0
github.com/bennypowers/design-tokens-language-server/internal/position/utf16.go:51.25,53.3 1 0
github.com/bennypowers/design-tokens-language-server/internal/position/utf16.go:55.2,59.33 3 0
github.com/bennypowers/design-tokens-language-server/internal/position/utf16.go:59.33,61.39 2 0
github.com/bennypowers/design-tokens-language-server/internal/position/utf16.go:61.39,62.9 1 0
github.com/bennypowers/design-tokens-language-server/internal/position/utf16.go:66.3,66.38 1 0
github.com/bennypowers/design-tokens-language-server/internal/position/utf16.go:66.38,67.9 1 0
github.com/bennypowers/design-tokens-language-server/internal/position/utf16.go:70.3,70.17 1 0
github.com/bennypowers/design-tokens-language-server/internal/position/utf16.go:70.17,72.4 1 0
github.com/bennypowers/design-tokens-language-server/internal/position/utf16.go:72.9,74.4 1 0
github.com/bennypowers/design-tokens-language-server/internal/position/utf16.go:76.3,76.24 1 0
github.com/bennypowers/design-tokens-language-server/internal/position/utf16.go:78.2,78.19 1 0
github.com/bennypowers/design-tokens-language-server/internal/position/utf16.go:83.38,85.22 2 0
github.com/bennypowers/design-tokens-language-server/internal/position/utf16.go:85.22,86.17 1 0
github.com/bennypowers/design-tokens-language-server/internal/position/utf16.go:86.17,88.4 1 0
github.com/bennypowers/design-tokens-language-server/internal/position/utf16.go:88.9,90.4 1 0
github.com/bennypowers/design-tokens-language-server/internal/position/utf16.go:92.2,92.19 1 0
github.com/bennypowers/design-tokens-language-server/internal/server/server.go:16.20,20.2 1 0
github.com/bennypowers/design-tokens-language-server/internal/server/server.go:23.100,24.19 1 0
github.com/bennypowers/design-tokens-language-server/internal/server/server.go:24.19,26.3 1 0
github.com/bennypowers/design-tokens-language-server/internal/server/server.go:29.2,76.20 4 0
github.com/bennypowers/design-tokens-language-server/internal/server/server.go:80.72,83.2 2 0
github.com/bennypowers/design-tokens-language-server/internal/server/server.go:85.28,87.2 1 0
github.com/bennypowers/design-tokens-language-server/internal/tokens/manager.go:16.28,20.2 1 35
github.com/bennypowers/design-tokens-language-server/internal/tokens/manager.go:23.43,24.18 1 12
github.com/bennypowers/design-tokens-language-server/internal/tokens/manager.go:24.18,26.3 1 0
github.com/bennypowers/design-tokens-language-server/internal/tokens/manager.go:28.2,32.12 4 12
github.com/bennypowers/design-tokens-language-server/internal/tokens/manager.go:40.48,45.50 3 9
github.com/bennypowers/design-tokens-language-server/internal/tokens/manager.go:45.50,47.3 1 7
github.com/bennypowers/design-tokens-language-server/internal/tokens/manager.go:50.2,50.40 1 2
github.com/bennypowers/design-tokens-language-server/internal/tokens/manager.go:50.40,54.59 2 0
github.com/bennypowers/design-tokens-language-server/internal/tokens/manager.go:54.59,56.4 1 0
github.com/bennypowers/design-tokens-language-server/internal/tokens/manager.go:59.3,59.34 1 0
github.com/bennypowers/design-tokens-language-server/internal/tokens/manager.go:59.34,60.44 1 0
github.com/bennypowers/design-tokens-language-server/internal/tokens/manager.go:60.44,62.5 1 0
github.com/bennypowers/design-tokens-language-server/internal/tokens/manager.go:66.2,66.12 1 2
github.com/bennypowers/design-tokens-language-server/internal/tokens/manager.go:70.37,75.33 4 0
github.com/bennypowers/design-tokens-language-server/internal/tokens/manager.go:75.33,77.3 1 0
github.com/bennypowers/design-tokens-language-server/internal/tokens/manager.go:78.2,78.15 1 0
github.com/bennypowers/design-tokens-language-server/internal/tokens/manager.go:82.45,86.42 3 0
github.com/bennypowers/design-tokens-language-server/internal/tokens/manager.go:86.42,88.3 1 0
github.com/bennypowers/design-tokens-language-server/internal/tokens/manager.go:90.2,91.12 2 0
github.com/bennypowers/design-tokens-language-server/internal/tokens/manager.go:95.27,100.2 3 3
github.com/bennypowers/design-tokens-language-server/internal/tokens/manager.go:103.56,108.36 4 0
github.com/bennypowers/design-tokens-language-server/internal/tokens/manager.go:108.36,109.38 1 0
github.com/bennypowers/design-tokens-language-server/internal/tokens/manager.go:109.38,111.4 1 0
github.com/bennypowers/design-tokens-language-server/internal/tokens/manager.go:113.2,113.16 1 0
github.com/bennypowers/design-tokens-language-server/internal/tokens/manager.go:117.31,122.2 3 0
github.com/bennypowers/design-tokens-language-server/internal/tokens/types.go:53.42,55.20 2 0
github.com/bennypowers/design-tokens-language-server/internal/tokens/types.go:55.20,58.3 2 0
github.com/bennypowers/design-tokens-language-server/internal/tokens/types.go:59.2,59.20 1 0
github.com/bennypowers/design-tokens-language-server/cmd/design-tokens-lsp/main.go:11.13,14.16 2 0
github.com/bennypowers/design-tokens-language-server/cmd/design-tokens-lsp/main.go:14.16,16.3 1 0
github.com/bennypowers/design-tokens-language-server/cmd/design-tokens-lsp/main.go:19.2,19.42 1 0
github.com/bennypowers/design-tokens-language-server/cmd/design-tokens-lsp/main.go:19.42,22.3 2 0
